C:\USERS\WANG1247\DOCUMENTS\VISUAL STUDIO 2012\PROJECTS\INTERACTIVEGRAPHICS\INTERACTIVEGRAPHICS\DEBUG\FRAMEBUFFER.OBJ
C:\USERS\WANG1247\DOCUMENTS\VISUAL STUDIO 2012\PROJECTS\INTERACTIVEGRAPHICS\INTERACTIVEGRAPHICS\DEBUG\GUI.OBJ
C:\USERS\WANG1247\DOCUMENTS\VISUAL STUDIO 2012\PROJECTS\INTERACTIVEGRAPHICS\INTERACTIVEGRAPHICS\DEBUG\M33.OBJ
C:\USERS\WANG1247\DOCUMENTS\VISUAL STUDIO 2012\PROJECTS\INTERACTIVEGRAPHICS\INTERACTIVEGRAPHICS\DEBUG\SCENE.OBJ
C:\USERS\WANG1247\DOCUMENTS\VISUAL STUDIO 2012\PROJECTS\INTERACTIVEGRAPHICS\INTERACTIVEGRAPHICS\DEBUG\V3.OBJ
C:\USERS\WANG1247\DOCUMENTS\VISUAL STUDIO 2012\PROJECTS\INTERACTIVEGRAPHICS\INTERACTIVEGRAPHICS\DEBUG\VC110.PDB
C:\USERS\WANG1247\DOCUMENTS\VISUAL STUDIO 2012\PROJECTS\INTERACTIVEGRAPHICS\DEBUG\INTERACTIVEGRAPHICS.ILK
C:\USERS\WANG1247\DOCUMENTS\VISUAL STUDIO 2012\PROJECTS\INTERACTIVEGRAPHICS\DEBUG\INTERACTIVEGRAPHICS.EXE
C:\USERS\WANG1247\DOCUMENTS\VISUAL STUDIO 2012\PROJECTS\INTERACTIVEGRAPHICS\DEBUG\INTERACTIVEGRAPHICS.PDB
C:\Users\wang1247\Documents\Visual Studio 2012\Projects\InteractiveGraphics\InteractiveGraphics\Debug\framebuffer.obj
C:\Users\wang1247\Documents\Visual Studio 2012\Projects\InteractiveGraphics\InteractiveGraphics\Debug\gui.obj
C:\Users\wang1247\Documents\Visual Studio 2012\Projects\InteractiveGraphics\InteractiveGraphics\Debug\m33.obj
C:\Users\wang1247\Documents\Visual Studio 2012\Projects\InteractiveGraphics\InteractiveGraphics\Debug\scene.obj
C:\Users\wang1247\Documents\Visual Studio 2012\Projects\InteractiveGraphics\InteractiveGraphics\Debug\v3.obj
C:\Users\wang1247\Documents\Visual Studio 2012\Projects\InteractiveGraphics\InteractiveGraphics\Debug\cl.command.1.tlog
C:\Users\wang1247\Documents\Visual Studio 2012\Projects\InteractiveGraphics\InteractiveGraphics\Debug\CL.read.1.tlog
C:\Users\wang1247\Documents\Visual Studio 2012\Projects\InteractiveGraphics\InteractiveGraphics\Debug\CL.write.1.tlog
C:\Users\wang1247\Documents\Visual Studio 2012\Projects\InteractiveGraphics\InteractiveGraphics\Debug\link.1324-cvtres.read.1.tlog
C:\Users\wang1247\Documents\Visual Studio 2012\Projects\InteractiveGraphics\InteractiveGraphics\Debug\link.1324-cvtres.write.1.tlog
C:\Users\wang1247\Documents\Visual Studio 2012\Projects\InteractiveGraphics\InteractiveGraphics\Debug\link.1324-rc.read.1.tlog
C:\Users\wang1247\Documents\Visual Studio 2012\Projects\InteractiveGraphics\InteractiveGraphics\Debug\link.1324-rc.write.1.tlog
C:\Users\wang1247\Documents\Visual Studio 2012\Projects\InteractiveGraphics\InteractiveGraphics\Debug\link.1324.read.1.tlog
C:\Users\wang1247\Documents\Visual Studio 2012\Projects\InteractiveGraphics\InteractiveGraphics\Debug\link.1324.write.1.tlog
C:\Users\wang1247\Documents\Visual Studio 2012\Projects\InteractiveGraphics\InteractiveGraphics\Debug\link.1368-cvtres.read.1.tlog
C:\Users\wang1247\Documents\Visual Studio 2012\Projects\InteractiveGraphics\InteractiveGraphics\Debug\link.1368-cvtres.write.1.tlog
C:\Users\wang1247\Documents\Visual Studio 2012\Projects\InteractiveGraphics\InteractiveGraphics\Debug\link.1368-rc.read.1.tlog
C:\Users\wang1247\Documents\Visual Studio 2012\Projects\InteractiveGraphics\InteractiveGraphics\Debug\link.1368-rc.write.1.tlog
C:\Users\wang1247\Documents\Visual Studio 2012\Projects\InteractiveGraphics\InteractiveGraphics\Debug\link.1368.read.1.tlog
C:\Users\wang1247\Documents\Visual Studio 2012\Projects\InteractiveGraphics\InteractiveGraphics\Debug\link.1368.write.1.tlog
C:\Users\wang1247\Documents\Visual Studio 2012\Projects\InteractiveGraphics\InteractiveGraphics\Debug\link.1436-cvtres.read.1.tlog
C:\Users\wang1247\Documents\Visual Studio 2012\Projects\InteractiveGraphics\InteractiveGraphics\Debug\link.1436-cvtres.write.1.tlog
C:\Users\wang1247\Documents\Visual Studio 2012\Projects\InteractiveGraphics\InteractiveGraphics\Debug\link.1436-rc.read.1.tlog
C:\Users\wang1247\Documents\Visual Studio 2012\Projects\InteractiveGraphics\InteractiveGraphics\Debug\link.1436-rc.write.1.tlog
C:\Users\wang1247\Documents\Visual Studio 2012\Projects\InteractiveGraphics\InteractiveGraphics\Debug\link.1436.read.1.tlog
C:\Users\wang1247\Documents\Visual Studio 2012\Projects\InteractiveGraphics\InteractiveGraphics\Debug\link.1436.write.1.tlog
C:\Users\wang1247\Documents\Visual Studio 2012\Projects\InteractiveGraphics\InteractiveGraphics\Debug\link.1508-cvtres.read.1.tlog
C:\Users\wang1247\Documents\Visual Studio 2012\Projects\InteractiveGraphics\InteractiveGraphics\Debug\link.1508-cvtres.write.1.tlog
C:\Users\wang1247\Documents\Visual Studio 2012\Projects\InteractiveGraphics\InteractiveGraphics\Debug\link.1508-rc.read.1.tlog
C:\Users\wang1247\Documents\Visual Studio 2012\Projects\InteractiveGraphics\InteractiveGraphics\Debug\link.1508-rc.write.1.tlog
C:\Users\wang1247\Documents\Visual Studio 2012\Projects\InteractiveGraphics\InteractiveGraphics\Debug\link.1508.read.1.tlog
C:\Users\wang1247\Documents\Visual Studio 2012\Projects\InteractiveGraphics\InteractiveGraphics\Debug\link.1508.write.1.tlog
C:\Users\wang1247\Documents\Visual Studio 2012\Projects\InteractiveGraphics\InteractiveGraphics\Debug\link.1600-cvtres.read.1.tlog
C:\Users\wang1247\Documents\Visual Studio 2012\Projects\InteractiveGraphics\InteractiveGraphics\Debug\link.1600-cvtres.write.1.tlog
C:\Users\wang1247\Documents\Visual Studio 2012\Projects\InteractiveGraphics\InteractiveGraphics\Debug\link.1600-rc.read.1.tlog
C:\Users\wang1247\Documents\Visual Studio 2012\Projects\InteractiveGraphics\InteractiveGraphics\Debug\link.1600-rc.write.1.tlog
C:\Users\wang1247\Documents\Visual Studio 2012\Projects\InteractiveGraphics\InteractiveGraphics\Debug\link.1600.read.1.tlog
C:\Users\wang1247\Documents\Visual Studio 2012\Projects\InteractiveGraphics\InteractiveGraphics\Debug\link.1600.write.1.tlog
C:\Users\wang1247\Documents\Visual Studio 2012\Projects\InteractiveGraphics\InteractiveGraphics\Debug\link.1828-cvtres.read.1.tlog
C:\Users\wang1247\Documents\Visual Studio 2012\Projects\InteractiveGraphics\InteractiveGraphics\Debug\link.1828-cvtres.write.1.tlog
C:\Users\wang1247\Documents\Visual Studio 2012\Projects\InteractiveGraphics\InteractiveGraphics\Debug\link.1828-rc.read.1.tlog
C:\Users\wang1247\Documents\Visual Studio 2012\Projects\InteractiveGraphics\InteractiveGraphics\Debug\link.1828-rc.write.1.tlog
C:\Users\wang1247\Documents\Visual Studio 2012\Projects\InteractiveGraphics\InteractiveGraphics\Debug\link.1828.read.1.tlog
C:\Users\wang1247\Documents\Visual Studio 2012\Projects\InteractiveGraphics\InteractiveGraphics\Debug\link.1828.write.1.tlog
C:\Users\wang1247\Documents\Visual Studio 2012\Projects\InteractiveGraphics\InteractiveGraphics\Debug\link.1892-cvtres.read.1.tlog
C:\Users\wang1247\Documents\Visual Studio 2012\Projects\InteractiveGraphics\InteractiveGraphics\Debug\link.1892-cvtres.write.1.tlog
C:\Users\wang1247\Documents\Visual Studio 2012\Projects\InteractiveGraphics\InteractiveGraphics\Debug\link.1892-rc.read.1.tlog
C:\Users\wang1247\Documents\Visual Studio 2012\Projects\InteractiveGraphics\InteractiveGraphics\Debug\link.1892-rc.write.1.tlog
C:\Users\wang1247\Documents\Visual Studio 2012\Projects\InteractiveGraphics\InteractiveGraphics\Debug\link.1892.read.1.tlog
C:\Users\wang1247\Documents\Visual Studio 2012\Projects\InteractiveGraphics\InteractiveGraphics\Debug\link.1892.write.1.tlog
C:\Users\wang1247\Documents\Visual Studio 2012\Projects\InteractiveGraphics\InteractiveGraphics\Debug\link.1964-cvtres.read.1.tlog
C:\Users\wang1247\Documents\Visual Studio 2012\Projects\InteractiveGraphics\InteractiveGraphics\Debug\link.1964-cvtres.write.1.tlog
C:\Users\wang1247\Documents\Visual Studio 2012\Projects\InteractiveGraphics\InteractiveGraphics\Debug\link.1964-rc.read.1.tlog
C:\Users\wang1247\Documents\Visual Studio 2012\Projects\InteractiveGraphics\InteractiveGraphics\Debug\link.1964-rc.write.1.tlog
C:\Users\wang1247\Documents\Visual Studio 2012\Projects\InteractiveGraphics\InteractiveGraphics\Debug\link.1964.read.1.tlog
C:\Users\wang1247\Documents\Visual Studio 2012\Projects\InteractiveGraphics\InteractiveGraphics\Debug\link.1964.write.1.tlog
C:\Users\wang1247\Documents\Visual Studio 2012\Projects\InteractiveGraphics\InteractiveGraphics\Debug\link.2224-cvtres.read.1.tlog
C:\Users\wang1247\Documents\Visual Studio 2012\Projects\InteractiveGraphics\InteractiveGraphics\Debug\link.2224-cvtres.write.1.tlog
C:\Users\wang1247\Documents\Visual Studio 2012\Projects\InteractiveGraphics\InteractiveGraphics\Debug\link.2224-rc.read.1.tlog
C:\Users\wang1247\Documents\Visual Studio 2012\Projects\InteractiveGraphics\InteractiveGraphics\Debug\link.2224-rc.write.1.tlog
C:\Users\wang1247\Documents\Visual Studio 2012\Projects\InteractiveGraphics\InteractiveGraphics\Debug\link.2224.read.1.tlog
C:\Users\wang1247\Documents\Visual Studio 2012\Projects\InteractiveGraphics\InteractiveGraphics\Debug\link.2224.write.1.tlog
C:\Users\wang1247\Documents\Visual Studio 2012\Projects\InteractiveGraphics\InteractiveGraphics\Debug\link.2312-cvtres.read.1.tlog
C:\Users\wang1247\Documents\Visual Studio 2012\Projects\InteractiveGraphics\InteractiveGraphics\Debug\link.2312-cvtres.write.1.tlog
C:\Users\wang1247\Documents\Visual Studio 2012\Projects\InteractiveGraphics\InteractiveGraphics\Debug\link.2312-rc.read.1.tlog
C:\Users\wang1247\Documents\Visual Studio 2012\Projects\InteractiveGraphics\InteractiveGraphics\Debug\link.2312-rc.write.1.tlog
C:\Users\wang1247\Documents\Visual Studio 2012\Projects\InteractiveGraphics\InteractiveGraphics\Debug\link.2312.read.1.tlog
C:\Users\wang1247\Documents\Visual Studio 2012\Projects\InteractiveGraphics\InteractiveGraphics\Debug\link.2312.write.1.tlog
C:\Users\wang1247\Documents\Visual Studio 2012\Projects\InteractiveGraphics\InteractiveGraphics\Debug\link.2384-cvtres.read.1.tlog
C:\Users\wang1247\Documents\Visual Studio 2012\Projects\InteractiveGraphics\InteractiveGraphics\Debug\link.2384-cvtres.write.1.tlog
C:\Users\wang1247\Documents\Visual Studio 2012\Projects\InteractiveGraphics\InteractiveGraphics\Debug\link.2384-rc.read.1.tlog
C:\Users\wang1247\Documents\Visual Studio 2012\Projects\InteractiveGraphics\InteractiveGraphics\Debug\link.2384-rc.write.1.tlog
C:\Users\wang1247\Documents\Visual Studio 2012\Projects\InteractiveGraphics\InteractiveGraphics\Debug\link.2384.read.1.tlog
C:\Users\wang1247\Documents\Visual Studio 2012\Projects\InteractiveGraphics\InteractiveGraphics\Debug\link.2384.write.1.tlog
C:\Users\wang1247\Documents\Visual Studio 2012\Projects\InteractiveGraphics\InteractiveGraphics\Debug\link.2640-cvtres.read.1.tlog
C:\Users\wang1247\Documents\Visual Studio 2012\Projects\InteractiveGraphics\InteractiveGraphics\Debug\link.2640-cvtres.write.1.tlog
C:\Users\wang1247\Documents\Visual Studio 2012\Projects\InteractiveGraphics\InteractiveGraphics\Debug\link.2640-rc.read.1.tlog
C:\Users\wang1247\Documents\Visual Studio 2012\Projects\InteractiveGraphics\InteractiveGraphics\Debug\link.2640-rc.write.1.tlog
C:\Users\wang1247\Documents\Visual Studio 2012\Projects\InteractiveGraphics\InteractiveGraphics\Debug\link.2640.read.1.tlog
C:\Users\wang1247\Documents\Visual Studio 2012\Projects\InteractiveGraphics\InteractiveGraphics\Debug\link.2640.write.1.tlog
C:\Users\wang1247\Documents\Visual Studio 2012\Projects\InteractiveGraphics\InteractiveGraphics\Debug\link.2648-cvtres.read.1.tlog
C:\Users\wang1247\Documents\Visual Studio 2012\Projects\InteractiveGraphics\InteractiveGraphics\Debug\link.2648-cvtres.write.1.tlog
C:\Users\wang1247\Documents\Visual Studio 2012\Projects\InteractiveGraphics\InteractiveGraphics\Debug\link.2648-rc.read.1.tlog
C:\Users\wang1247\Documents\Visual Studio 2012\Projects\InteractiveGraphics\InteractiveGraphics\Debug\link.2648-rc.write.1.tlog
C:\Users\wang1247\Documents\Visual Studio 2012\Projects\InteractiveGraphics\InteractiveGraphics\Debug\link.2648.read.1.tlog
C:\Users\wang1247\Documents\Visual Studio 2012\Projects\InteractiveGraphics\InteractiveGraphics\Debug\link.2648.write.1.tlog
C:\Users\wang1247\Documents\Visual Studio 2012\Projects\InteractiveGraphics\InteractiveGraphics\Debug\link.2792-cvtres.read.1.tlog
C:\Users\wang1247\Documents\Visual Studio 2012\Projects\InteractiveGraphics\InteractiveGraphics\Debug\link.2792-cvtres.write.1.tlog
C:\Users\wang1247\Documents\Visual Studio 2012\Projects\InteractiveGraphics\InteractiveGraphics\Debug\link.2792-rc.read.1.tlog
C:\Users\wang1247\Documents\Visual Studio 2012\Projects\InteractiveGraphics\InteractiveGraphics\Debug\link.2792-rc.write.1.tlog
C:\Users\wang1247\Documents\Visual Studio 2012\Projects\InteractiveGraphics\InteractiveGraphics\Debug\link.2792.read.1.tlog
C:\Users\wang1247\Documents\Visual Studio 2012\Projects\InteractiveGraphics\InteractiveGraphics\Debug\link.2792.write.1.tlog
C:\Users\wang1247\Documents\Visual Studio 2012\Projects\InteractiveGraphics\InteractiveGraphics\Debug\link.2988-cvtres.read.1.tlog
C:\Users\wang1247\Documents\Visual Studio 2012\Projects\InteractiveGraphics\InteractiveGraphics\Debug\link.2988-cvtres.write.1.tlog
C:\Users\wang1247\Documents\Visual Studio 2012\Projects\InteractiveGraphics\InteractiveGraphics\Debug\link.2988-rc.read.1.tlog
C:\Users\wang1247\Documents\Visual Studio 2012\Projects\InteractiveGraphics\InteractiveGraphics\Debug\link.2988-rc.write.1.tlog
C:\Users\wang1247\Documents\Visual Studio 2012\Projects\InteractiveGraphics\InteractiveGraphics\Debug\link.2988.read.1.tlog
C:\Users\wang1247\Documents\Visual Studio 2012\Projects\InteractiveGraphics\InteractiveGraphics\Debug\link.2988.write.1.tlog
C:\Users\wang1247\Documents\Visual Studio 2012\Projects\InteractiveGraphics\InteractiveGraphics\Debug\link.3080-cvtres.read.1.tlog
C:\Users\wang1247\Documents\Visual Studio 2012\Projects\InteractiveGraphics\InteractiveGraphics\Debug\link.3080-cvtres.write.1.tlog
C:\Users\wang1247\Documents\Visual Studio 2012\Projects\InteractiveGraphics\InteractiveGraphics\Debug\link.3080-rc.read.1.tlog
C:\Users\wang1247\Documents\Visual Studio 2012\Projects\InteractiveGraphics\InteractiveGraphics\Debug\link.3080-rc.write.1.tlog
C:\Users\wang1247\Documents\Visual Studio 2012\Projects\InteractiveGraphics\InteractiveGraphics\Debug\link.3080.read.1.tlog
C:\Users\wang1247\Documents\Visual Studio 2012\Projects\InteractiveGraphics\InteractiveGraphics\Debug\link.3080.write.1.tlog
C:\Users\wang1247\Documents\Visual Studio 2012\Projects\InteractiveGraphics\InteractiveGraphics\Debug\link.3136-cvtres.read.1.tlog
C:\Users\wang1247\Documents\Visual Studio 2012\Projects\InteractiveGraphics\InteractiveGraphics\Debug\link.3136-cvtres.write.1.tlog
C:\Users\wang1247\Documents\Visual Studio 2012\Projects\InteractiveGraphics\InteractiveGraphics\Debug\link.3136-rc.read.1.tlog
C:\Users\wang1247\Documents\Visual Studio 2012\Projects\InteractiveGraphics\InteractiveGraphics\Debug\link.3136-rc.write.1.tlog
C:\Users\wang1247\Documents\Visual Studio 2012\Projects\InteractiveGraphics\InteractiveGraphics\Debug\link.3136.read.1.tlog
C:\Users\wang1247\Documents\Visual Studio 2012\Projects\InteractiveGraphics\InteractiveGraphics\Debug\link.3136.write.1.tlog
C:\Users\wang1247\Documents\Visual Studio 2012\Projects\InteractiveGraphics\InteractiveGraphics\Debug\link.3188-cvtres.read.1.tlog
C:\Users\wang1247\Documents\Visual Studio 2012\Projects\InteractiveGraphics\InteractiveGraphics\Debug\link.3188-cvtres.write.1.tlog
C:\Users\wang1247\Documents\Visual Studio 2012\Projects\InteractiveGraphics\InteractiveGraphics\Debug\link.3188-rc.read.1.tlog
C:\Users\wang1247\Documents\Visual Studio 2012\Projects\InteractiveGraphics\InteractiveGraphics\Debug\link.3188-rc.write.1.tlog
C:\Users\wang1247\Documents\Visual Studio 2012\Projects\InteractiveGraphics\InteractiveGraphics\Debug\link.3188.read.1.tlog
C:\Users\wang1247\Documents\Visual Studio 2012\Projects\InteractiveGraphics\InteractiveGraphics\Debug\link.3188.write.1.tlog
C:\Users\wang1247\Documents\Visual Studio 2012\Projects\InteractiveGraphics\InteractiveGraphics\Debug\link.3364-cvtres.read.1.tlog
C:\Users\wang1247\Documents\Visual Studio 2012\Projects\InteractiveGraphics\InteractiveGraphics\Debug\link.3364-cvtres.write.1.tlog
C:\Users\wang1247\Documents\Visual Studio 2012\Projects\InteractiveGraphics\InteractiveGraphics\Debug\link.3364-rc.read.1.tlog
C:\Users\wang1247\Documents\Visual Studio 2012\Projects\InteractiveGraphics\InteractiveGraphics\Debug\link.3364-rc.write.1.tlog
C:\Users\wang1247\Documents\Visual Studio 2012\Projects\InteractiveGraphics\InteractiveGraphics\Debug\link.3364.read.1.tlog
C:\Users\wang1247\Documents\Visual Studio 2012\Projects\InteractiveGraphics\InteractiveGraphics\Debug\link.3364.write.1.tlog
C:\Users\wang1247\Documents\Visual Studio 2012\Projects\InteractiveGraphics\InteractiveGraphics\Debug\link.3384-cvtres.read.1.tlog
C:\Users\wang1247\Documents\Visual Studio 2012\Projects\InteractiveGraphics\InteractiveGraphics\Debug\link.3384-cvtres.write.1.tlog
C:\Users\wang1247\Documents\Visual Studio 2012\Projects\InteractiveGraphics\InteractiveGraphics\Debug\link.3384-rc.read.1.tlog
C:\Users\wang1247\Documents\Visual Studio 2012\Projects\InteractiveGraphics\InteractiveGraphics\Debug\link.3384-rc.write.1.tlog
C:\Users\wang1247\Documents\Visual Studio 2012\Projects\InteractiveGraphics\InteractiveGraphics\Debug\link.3384.read.1.tlog
C:\Users\wang1247\Documents\Visual Studio 2012\Projects\InteractiveGraphics\InteractiveGraphics\Debug\link.3384.write.1.tlog
C:\Users\wang1247\Documents\Visual Studio 2012\Projects\InteractiveGraphics\InteractiveGraphics\Debug\link.3448-cvtres.read.1.tlog
C:\Users\wang1247\Documents\Visual Studio 2012\Projects\InteractiveGraphics\InteractiveGraphics\Debug\link.3448-cvtres.write.1.tlog
C:\Users\wang1247\Documents\Visual Studio 2012\Projects\InteractiveGraphics\InteractiveGraphics\Debug\link.3448-rc.read.1.tlog
C:\Users\wang1247\Documents\Visual Studio 2012\Projects\InteractiveGraphics\InteractiveGraphics\Debug\link.3448-rc.write.1.tlog
C:\Users\wang1247\Documents\Visual Studio 2012\Projects\InteractiveGraphics\InteractiveGraphics\Debug\link.3448.read.1.tlog
C:\Users\wang1247\Documents\Visual Studio 2012\Projects\InteractiveGraphics\InteractiveGraphics\Debug\link.3448.write.1.tlog
C:\Users\wang1247\Documents\Visual Studio 2012\Projects\InteractiveGraphics\InteractiveGraphics\Debug\link.3760-cvtres.read.1.tlog
C:\Users\wang1247\Documents\Visual Studio 2012\Projects\InteractiveGraphics\InteractiveGraphics\Debug\link.3760-cvtres.write.1.tlog
C:\Users\wang1247\Documents\Visual Studio 2012\Projects\InteractiveGraphics\InteractiveGraphics\Debug\link.3760-rc.read.1.tlog
C:\Users\wang1247\Documents\Visual Studio 2012\Projects\InteractiveGraphics\InteractiveGraphics\Debug\link.3760-rc.write.1.tlog
C:\Users\wang1247\Documents\Visual Studio 2012\Projects\InteractiveGraphics\InteractiveGraphics\Debug\link.3760.read.1.tlog
C:\Users\wang1247\Documents\Visual Studio 2012\Projects\InteractiveGraphics\InteractiveGraphics\Debug\link.3760.write.1.tlog
C:\Users\wang1247\Documents\Visual Studio 2012\Projects\InteractiveGraphics\InteractiveGraphics\Debug\link.3768-cvtres.read.1.tlog
C:\Users\wang1247\Documents\Visual Studio 2012\Projects\InteractiveGraphics\InteractiveGraphics\Debug\link.3768-cvtres.write.1.tlog
C:\Users\wang1247\Documents\Visual Studio 2012\Projects\InteractiveGraphics\InteractiveGraphics\Debug\link.3768-rc.read.1.tlog
C:\Users\wang1247\Documents\Visual Studio 2012\Projects\InteractiveGraphics\InteractiveGraphics\Debug\link.3768-rc.write.1.tlog
C:\Users\wang1247\Documents\Visual Studio 2012\Projects\InteractiveGraphics\InteractiveGraphics\Debug\link.3768.read.1.tlog
C:\Users\wang1247\Documents\Visual Studio 2012\Projects\InteractiveGraphics\InteractiveGraphics\Debug\link.3768.write.1.tlog
C:\Users\wang1247\Documents\Visual Studio 2012\Projects\InteractiveGraphics\InteractiveGraphics\Debug\link.3820-cvtres.read.1.tlog
C:\Users\wang1247\Documents\Visual Studio 2012\Projects\InteractiveGraphics\InteractiveGraphics\Debug\link.3820-cvtres.write.1.tlog
C:\Users\wang1247\Documents\Visual Studio 2012\Projects\InteractiveGraphics\InteractiveGraphics\Debug\link.3820-rc.read.1.tlog
C:\Users\wang1247\Documents\Visual Studio 2012\Projects\InteractiveGraphics\InteractiveGraphics\Debug\link.3820-rc.write.1.tlog
C:\Users\wang1247\Documents\Visual Studio 2012\Projects\InteractiveGraphics\InteractiveGraphics\Debug\link.3820.read.1.tlog
C:\Users\wang1247\Documents\Visual Studio 2012\Projects\InteractiveGraphics\InteractiveGraphics\Debug\link.3820.write.1.tlog
C:\Users\wang1247\Documents\Visual Studio 2012\Projects\InteractiveGraphics\InteractiveGraphics\Debug\link.3872-cvtres.read.1.tlog
C:\Users\wang1247\Documents\Visual Studio 2012\Projects\InteractiveGraphics\InteractiveGraphics\Debug\link.3872-cvtres.write.1.tlog
C:\Users\wang1247\Documents\Visual Studio 2012\Projects\InteractiveGraphics\InteractiveGraphics\Debug\link.3872-rc.read.1.tlog
C:\Users\wang1247\Documents\Visual Studio 2012\Projects\InteractiveGraphics\InteractiveGraphics\Debug\link.3872-rc.write.1.tlog
C:\Users\wang1247\Documents\Visual Studio 2012\Projects\InteractiveGraphics\InteractiveGraphics\Debug\link.3872.read.1.tlog
C:\Users\wang1247\Documents\Visual Studio 2012\Projects\InteractiveGraphics\InteractiveGraphics\Debug\link.3872.write.1.tlog
C:\Users\wang1247\Documents\Visual Studio 2012\Projects\InteractiveGraphics\InteractiveGraphics\Debug\link.3916-cvtres.read.1.tlog
C:\Users\wang1247\Documents\Visual Studio 2012\Projects\InteractiveGraphics\InteractiveGraphics\Debug\link.3916-cvtres.write.1.tlog
C:\Users\wang1247\Documents\Visual Studio 2012\Projects\InteractiveGraphics\InteractiveGraphics\Debug\link.3916-rc.read.1.tlog
C:\Users\wang1247\Documents\Visual Studio 2012\Projects\InteractiveGraphics\InteractiveGraphics\Debug\link.3916-rc.write.1.tlog
C:\Users\wang1247\Documents\Visual Studio 2012\Projects\InteractiveGraphics\InteractiveGraphics\Debug\link.3916.read.1.tlog
C:\Users\wang1247\Documents\Visual Studio 2012\Projects\InteractiveGraphics\InteractiveGraphics\Debug\link.3916.write.1.tlog
C:\Users\wang1247\Documents\Visual Studio 2012\Projects\InteractiveGraphics\InteractiveGraphics\Debug\link.3976-cvtres.read.1.tlog
C:\Users\wang1247\Documents\Visual Studio 2012\Projects\InteractiveGraphics\InteractiveGraphics\Debug\link.3976-cvtres.write.1.tlog
C:\Users\wang1247\Documents\Visual Studio 2012\Projects\InteractiveGraphics\InteractiveGraphics\Debug\link.3976-rc.read.1.tlog
C:\Users\wang1247\Documents\Visual Studio 2012\Projects\InteractiveGraphics\InteractiveGraphics\Debug\link.3976-rc.write.1.tlog
C:\Users\wang1247\Documents\Visual Studio 2012\Projects\InteractiveGraphics\InteractiveGraphics\Debug\link.3976.read.1.tlog
C:\Users\wang1247\Documents\Visual Studio 2012\Projects\InteractiveGraphics\InteractiveGraphics\Debug\link.3976.write.1.tlog
C:\Users\wang1247\Documents\Visual Studio 2012\Projects\InteractiveGraphics\InteractiveGraphics\Debug\link.4056-cvtres.read.1.tlog
C:\Users\wang1247\Documents\Visual Studio 2012\Projects\InteractiveGraphics\InteractiveGraphics\Debug\link.4056-cvtres.write.1.tlog
C:\Users\wang1247\Documents\Visual Studio 2012\Projects\InteractiveGraphics\InteractiveGraphics\Debug\link.4056-rc.read.1.tlog
C:\Users\wang1247\Documents\Visual Studio 2012\Projects\InteractiveGraphics\InteractiveGraphics\Debug\link.4056-rc.write.1.tlog
C:\Users\wang1247\Documents\Visual Studio 2012\Projects\InteractiveGraphics\InteractiveGraphics\Debug\link.4056.read.1.tlog
C:\Users\wang1247\Documents\Visual Studio 2012\Projects\InteractiveGraphics\InteractiveGraphics\Debug\link.4056.write.1.tlog
C:\Users\wang1247\Documents\Visual Studio 2012\Projects\InteractiveGraphics\InteractiveGraphics\Debug\link.4108-cvtres.read.1.tlog
C:\Users\wang1247\Documents\Visual Studio 2012\Projects\InteractiveGraphics\InteractiveGraphics\Debug\link.4108-cvtres.write.1.tlog
C:\Users\wang1247\Documents\Visual Studio 2012\Projects\InteractiveGraphics\InteractiveGraphics\Debug\link.4108-rc.read.1.tlog
C:\Users\wang1247\Documents\Visual Studio 2012\Projects\InteractiveGraphics\InteractiveGraphics\Debug\link.4108-rc.write.1.tlog
C:\Users\wang1247\Documents\Visual Studio 2012\Projects\InteractiveGraphics\InteractiveGraphics\Debug\link.4108.read.1.tlog
C:\Users\wang1247\Documents\Visual Studio 2012\Projects\InteractiveGraphics\InteractiveGraphics\Debug\link.4108.write.1.tlog
C:\Users\wang1247\Documents\Visual Studio 2012\Projects\InteractiveGraphics\InteractiveGraphics\Debug\link.4136-cvtres.read.1.tlog
C:\Users\wang1247\Documents\Visual Studio 2012\Projects\InteractiveGraphics\InteractiveGraphics\Debug\link.4136-cvtres.write.1.tlog
C:\Users\wang1247\Documents\Visual Studio 2012\Projects\InteractiveGraphics\InteractiveGraphics\Debug\link.4136-rc.read.1.tlog
C:\Users\wang1247\Documents\Visual Studio 2012\Projects\InteractiveGraphics\InteractiveGraphics\Debug\link.4136-rc.write.1.tlog
C:\Users\wang1247\Documents\Visual Studio 2012\Projects\InteractiveGraphics\InteractiveGraphics\Debug\link.4136.read.1.tlog
C:\Users\wang1247\Documents\Visual Studio 2012\Projects\InteractiveGraphics\InteractiveGraphics\Debug\link.4136.write.1.tlog
C:\Users\wang1247\Documents\Visual Studio 2012\Projects\InteractiveGraphics\InteractiveGraphics\Debug\link.4140-cvtres.read.1.tlog
C:\Users\wang1247\Documents\Visual Studio 2012\Projects\InteractiveGraphics\InteractiveGraphics\Debug\link.4140-cvtres.write.1.tlog
C:\Users\wang1247\Documents\Visual Studio 2012\Projects\InteractiveGraphics\InteractiveGraphics\Debug\link.4140-rc.read.1.tlog
C:\Users\wang1247\Documents\Visual Studio 2012\Projects\InteractiveGraphics\InteractiveGraphics\Debug\link.4140-rc.write.1.tlog
C:\Users\wang1247\Documents\Visual Studio 2012\Projects\InteractiveGraphics\InteractiveGraphics\Debug\link.4140.read.1.tlog
C:\Users\wang1247\Documents\Visual Studio 2012\Projects\InteractiveGraphics\InteractiveGraphics\Debug\link.4140.write.1.tlog
C:\Users\wang1247\Documents\Visual Studio 2012\Projects\InteractiveGraphics\InteractiveGraphics\Debug\link.4204-cvtres.read.1.tlog
C:\Users\wang1247\Documents\Visual Studio 2012\Projects\InteractiveGraphics\InteractiveGraphics\Debug\link.4204-cvtres.write.1.tlog
C:\Users\wang1247\Documents\Visual Studio 2012\Projects\InteractiveGraphics\InteractiveGraphics\Debug\link.4204-rc.read.1.tlog
C:\Users\wang1247\Documents\Visual Studio 2012\Projects\InteractiveGraphics\InteractiveGraphics\Debug\link.4204-rc.write.1.tlog
C:\Users\wang1247\Documents\Visual Studio 2012\Projects\InteractiveGraphics\InteractiveGraphics\Debug\link.4204.read.1.tlog
C:\Users\wang1247\Documents\Visual Studio 2012\Projects\InteractiveGraphics\InteractiveGraphics\Debug\link.4204.write.1.tlog
C:\Users\wang1247\Documents\Visual Studio 2012\Projects\InteractiveGraphics\InteractiveGraphics\Debug\link.4216-cvtres.read.1.tlog
C:\Users\wang1247\Documents\Visual Studio 2012\Projects\InteractiveGraphics\InteractiveGraphics\Debug\link.4216-cvtres.write.1.tlog
C:\Users\wang1247\Documents\Visual Studio 2012\Projects\InteractiveGraphics\InteractiveGraphics\Debug\link.4216-rc.read.1.tlog
C:\Users\wang1247\Documents\Visual Studio 2012\Projects\InteractiveGraphics\InteractiveGraphics\Debug\link.4216-rc.write.1.tlog
C:\Users\wang1247\Documents\Visual Studio 2012\Projects\InteractiveGraphics\InteractiveGraphics\Debug\link.4216.read.1.tlog
C:\Users\wang1247\Documents\Visual Studio 2012\Projects\InteractiveGraphics\InteractiveGraphics\Debug\link.4216.write.1.tlog
C:\Users\wang1247\Documents\Visual Studio 2012\Projects\InteractiveGraphics\InteractiveGraphics\Debug\link.4232-cvtres.read.1.tlog
C:\Users\wang1247\Documents\Visual Studio 2012\Projects\InteractiveGraphics\InteractiveGraphics\Debug\link.4232-cvtres.write.1.tlog
C:\Users\wang1247\Documents\Visual Studio 2012\Projects\InteractiveGraphics\InteractiveGraphics\Debug\link.4232-rc.read.1.tlog
C:\Users\wang1247\Documents\Visual Studio 2012\Projects\InteractiveGraphics\InteractiveGraphics\Debug\link.4232-rc.write.1.tlog
C:\Users\wang1247\Documents\Visual Studio 2012\Projects\InteractiveGraphics\InteractiveGraphics\Debug\link.4232.read.1.tlog
C:\Users\wang1247\Documents\Visual Studio 2012\Projects\InteractiveGraphics\InteractiveGraphics\Debug\link.4232.write.1.tlog
C:\Users\wang1247\Documents\Visual Studio 2012\Projects\InteractiveGraphics\InteractiveGraphics\Debug\link.4292-cvtres.read.1.tlog
C:\Users\wang1247\Documents\Visual Studio 2012\Projects\InteractiveGraphics\InteractiveGraphics\Debug\link.4292-cvtres.write.1.tlog
C:\Users\wang1247\Documents\Visual Studio 2012\Projects\InteractiveGraphics\InteractiveGraphics\Debug\link.4292-rc.read.1.tlog
C:\Users\wang1247\Documents\Visual Studio 2012\Projects\InteractiveGraphics\InteractiveGraphics\Debug\link.4292-rc.write.1.tlog
C:\Users\wang1247\Documents\Visual Studio 2012\Projects\InteractiveGraphics\InteractiveGraphics\Debug\link.4292.read.1.tlog
C:\Users\wang1247\Documents\Visual Studio 2012\Projects\InteractiveGraphics\InteractiveGraphics\Debug\link.4292.write.1.tlog
C:\Users\wang1247\Documents\Visual Studio 2012\Projects\InteractiveGraphics\InteractiveGraphics\Debug\link.4360-cvtres.read.1.tlog
C:\Users\wang1247\Documents\Visual Studio 2012\Projects\InteractiveGraphics\InteractiveGraphics\Debug\link.4360-cvtres.write.1.tlog
C:\Users\wang1247\Documents\Visual Studio 2012\Projects\InteractiveGraphics\InteractiveGraphics\Debug\link.4360-rc.read.1.tlog
C:\Users\wang1247\Documents\Visual Studio 2012\Projects\InteractiveGraphics\InteractiveGraphics\Debug\link.4360-rc.write.1.tlog
C:\Users\wang1247\Documents\Visual Studio 2012\Projects\InteractiveGraphics\InteractiveGraphics\Debug\link.4360.read.1.tlog
C:\Users\wang1247\Documents\Visual Studio 2012\Projects\InteractiveGraphics\InteractiveGraphics\Debug\link.4360.write.1.tlog
C:\Users\wang1247\Documents\Visual Studio 2012\Projects\InteractiveGraphics\InteractiveGraphics\Debug\link.4368-cvtres.read.1.tlog
C:\Users\wang1247\Documents\Visual Studio 2012\Projects\InteractiveGraphics\InteractiveGraphics\Debug\link.4368-cvtres.write.1.tlog
C:\Users\wang1247\Documents\Visual Studio 2012\Projects\InteractiveGraphics\InteractiveGraphics\Debug\link.4368-rc.read.1.tlog
C:\Users\wang1247\Documents\Visual Studio 2012\Projects\InteractiveGraphics\InteractiveGraphics\Debug\link.4368-rc.write.1.tlog
C:\Users\wang1247\Documents\Visual Studio 2012\Projects\InteractiveGraphics\InteractiveGraphics\Debug\link.4368.read.1.tlog
C:\Users\wang1247\Documents\Visual Studio 2012\Projects\InteractiveGraphics\InteractiveGraphics\Debug\link.4368.write.1.tlog
C:\Users\wang1247\Documents\Visual Studio 2012\Projects\InteractiveGraphics\InteractiveGraphics\Debug\link.4404-cvtres.read.1.tlog
C:\Users\wang1247\Documents\Visual Studio 2012\Projects\InteractiveGraphics\InteractiveGraphics\Debug\link.4404-cvtres.write.1.tlog
C:\Users\wang1247\Documents\Visual Studio 2012\Projects\InteractiveGraphics\InteractiveGraphics\Debug\link.4404-rc.read.1.tlog
C:\Users\wang1247\Documents\Visual Studio 2012\Projects\InteractiveGraphics\InteractiveGraphics\Debug\link.4404-rc.write.1.tlog
C:\Users\wang1247\Documents\Visual Studio 2012\Projects\InteractiveGraphics\InteractiveGraphics\Debug\link.4404.read.1.tlog
C:\Users\wang1247\Documents\Visual Studio 2012\Projects\InteractiveGraphics\InteractiveGraphics\Debug\link.4404.write.1.tlog
C:\Users\wang1247\Documents\Visual Studio 2012\Projects\InteractiveGraphics\InteractiveGraphics\Debug\link.4424-cvtres.read.1.tlog
C:\Users\wang1247\Documents\Visual Studio 2012\Projects\InteractiveGraphics\InteractiveGraphics\Debug\link.4424-cvtres.write.1.tlog
C:\Users\wang1247\Documents\Visual Studio 2012\Projects\InteractiveGraphics\InteractiveGraphics\Debug\link.4424-rc.read.1.tlog
C:\Users\wang1247\Documents\Visual Studio 2012\Projects\InteractiveGraphics\InteractiveGraphics\Debug\link.4424-rc.write.1.tlog
C:\Users\wang1247\Documents\Visual Studio 2012\Projects\InteractiveGraphics\InteractiveGraphics\Debug\link.4424.read.1.tlog
C:\Users\wang1247\Documents\Visual Studio 2012\Projects\InteractiveGraphics\InteractiveGraphics\Debug\link.4424.write.1.tlog
C:\Users\wang1247\Documents\Visual Studio 2012\Projects\InteractiveGraphics\InteractiveGraphics\Debug\link.4556-cvtres.read.1.tlog
C:\Users\wang1247\Documents\Visual Studio 2012\Projects\InteractiveGraphics\InteractiveGraphics\Debug\link.4556-cvtres.write.1.tlog
C:\Users\wang1247\Documents\Visual Studio 2012\Projects\InteractiveGraphics\InteractiveGraphics\Debug\link.4556-rc.read.1.tlog
C:\Users\wang1247\Documents\Visual Studio 2012\Projects\InteractiveGraphics\InteractiveGraphics\Debug\link.4556-rc.write.1.tlog
C:\Users\wang1247\Documents\Visual Studio 2012\Projects\InteractiveGraphics\InteractiveGraphics\Debug\link.4556.read.1.tlog
C:\Users\wang1247\Documents\Visual Studio 2012\Projects\InteractiveGraphics\InteractiveGraphics\Debug\link.4556.write.1.tlog
C:\Users\wang1247\Documents\Visual Studio 2012\Projects\InteractiveGraphics\InteractiveGraphics\Debug\link.4564-cvtres.read.1.tlog
C:\Users\wang1247\Documents\Visual Studio 2012\Projects\InteractiveGraphics\InteractiveGraphics\Debug\link.4564-cvtres.write.1.tlog
C:\Users\wang1247\Documents\Visual Studio 2012\Projects\InteractiveGraphics\InteractiveGraphics\Debug\link.4564-rc.read.1.tlog
C:\Users\wang1247\Documents\Visual Studio 2012\Projects\InteractiveGraphics\InteractiveGraphics\Debug\link.4564-rc.write.1.tlog
C:\Users\wang1247\Documents\Visual Studio 2012\Projects\InteractiveGraphics\InteractiveGraphics\Debug\link.4564.read.1.tlog
C:\Users\wang1247\Documents\Visual Studio 2012\Projects\InteractiveGraphics\InteractiveGraphics\Debug\link.4564.write.1.tlog
C:\Users\wang1247\Documents\Visual Studio 2012\Projects\InteractiveGraphics\InteractiveGraphics\Debug\link.4596-cvtres.read.1.tlog
C:\Users\wang1247\Documents\Visual Studio 2012\Projects\InteractiveGraphics\InteractiveGraphics\Debug\link.4596-cvtres.write.1.tlog
C:\Users\wang1247\Documents\Visual Studio 2012\Projects\InteractiveGraphics\InteractiveGraphics\Debug\link.4596-rc.read.1.tlog
C:\Users\wang1247\Documents\Visual Studio 2012\Projects\InteractiveGraphics\InteractiveGraphics\Debug\link.4596-rc.write.1.tlog
C:\Users\wang1247\Documents\Visual Studio 2012\Projects\InteractiveGraphics\InteractiveGraphics\Debug\link.4596.read.1.tlog
C:\Users\wang1247\Documents\Visual Studio 2012\Projects\InteractiveGraphics\InteractiveGraphics\Debug\link.4596.write.1.tlog
C:\Users\wang1247\Documents\Visual Studio 2012\Projects\InteractiveGraphics\InteractiveGraphics\Debug\link.4604-cvtres.read.1.tlog
C:\Users\wang1247\Documents\Visual Studio 2012\Projects\InteractiveGraphics\InteractiveGraphics\Debug\link.4604-cvtres.write.1.tlog
C:\Users\wang1247\Documents\Visual Studio 2012\Projects\InteractiveGraphics\InteractiveGraphics\Debug\link.4604-rc.read.1.tlog
C:\Users\wang1247\Documents\Visual Studio 2012\Projects\InteractiveGraphics\InteractiveGraphics\Debug\link.4604-rc.write.1.tlog
C:\Users\wang1247\Documents\Visual Studio 2012\Projects\InteractiveGraphics\InteractiveGraphics\Debug\link.4604.read.1.tlog
C:\Users\wang1247\Documents\Visual Studio 2012\Projects\InteractiveGraphics\InteractiveGraphics\Debug\link.4604.write.1.tlog
C:\Users\wang1247\Documents\Visual Studio 2012\Projects\InteractiveGraphics\InteractiveGraphics\Debug\link.4608-cvtres.read.1.tlog
C:\Users\wang1247\Documents\Visual Studio 2012\Projects\InteractiveGraphics\InteractiveGraphics\Debug\link.4608-cvtres.write.1.tlog
C:\Users\wang1247\Documents\Visual Studio 2012\Projects\InteractiveGraphics\InteractiveGraphics\Debug\link.4608-rc.read.1.tlog
C:\Users\wang1247\Documents\Visual Studio 2012\Projects\InteractiveGraphics\InteractiveGraphics\Debug\link.4608-rc.write.1.tlog
C:\Users\wang1247\Documents\Visual Studio 2012\Projects\InteractiveGraphics\InteractiveGraphics\Debug\link.4608.read.1.tlog
C:\Users\wang1247\Documents\Visual Studio 2012\Projects\InteractiveGraphics\InteractiveGraphics\Debug\link.4608.write.1.tlog
C:\Users\wang1247\Documents\Visual Studio 2012\Projects\InteractiveGraphics\InteractiveGraphics\Debug\link.4628-cvtres.read.1.tlog
C:\Users\wang1247\Documents\Visual Studio 2012\Projects\InteractiveGraphics\InteractiveGraphics\Debug\link.4628-cvtres.write.1.tlog
C:\Users\wang1247\Documents\Visual Studio 2012\Projects\InteractiveGraphics\InteractiveGraphics\Debug\link.4628-rc.read.1.tlog
C:\Users\wang1247\Documents\Visual Studio 2012\Projects\InteractiveGraphics\InteractiveGraphics\Debug\link.4628-rc.write.1.tlog
C:\Users\wang1247\Documents\Visual Studio 2012\Projects\InteractiveGraphics\InteractiveGraphics\Debug\link.4628.read.1.tlog
C:\Users\wang1247\Documents\Visual Studio 2012\Projects\InteractiveGraphics\InteractiveGraphics\Debug\link.4628.write.1.tlog
C:\Users\wang1247\Documents\Visual Studio 2012\Projects\InteractiveGraphics\InteractiveGraphics\Debug\link.4648-cvtres.read.1.tlog
C:\Users\wang1247\Documents\Visual Studio 2012\Projects\InteractiveGraphics\InteractiveGraphics\Debug\link.4648-cvtres.write.1.tlog
C:\Users\wang1247\Documents\Visual Studio 2012\Projects\InteractiveGraphics\InteractiveGraphics\Debug\link.4648-rc.read.1.tlog
C:\Users\wang1247\Documents\Visual Studio 2012\Projects\InteractiveGraphics\InteractiveGraphics\Debug\link.4648-rc.write.1.tlog
C:\Users\wang1247\Documents\Visual Studio 2012\Projects\InteractiveGraphics\InteractiveGraphics\Debug\link.4648.read.1.tlog
C:\Users\wang1247\Documents\Visual Studio 2012\Projects\InteractiveGraphics\InteractiveGraphics\Debug\link.4648.write.1.tlog
C:\Users\wang1247\Documents\Visual Studio 2012\Projects\InteractiveGraphics\InteractiveGraphics\Debug\link.4660-cvtres.read.1.tlog
C:\Users\wang1247\Documents\Visual Studio 2012\Projects\InteractiveGraphics\InteractiveGraphics\Debug\link.4660-cvtres.write.1.tlog
C:\Users\wang1247\Documents\Visual Studio 2012\Projects\InteractiveGraphics\InteractiveGraphics\Debug\link.4660-rc.read.1.tlog
C:\Users\wang1247\Documents\Visual Studio 2012\Projects\InteractiveGraphics\InteractiveGraphics\Debug\link.4660-rc.write.1.tlog
C:\Users\wang1247\Documents\Visual Studio 2012\Projects\InteractiveGraphics\InteractiveGraphics\Debug\link.4660.read.1.tlog
C:\Users\wang1247\Documents\Visual Studio 2012\Projects\InteractiveGraphics\InteractiveGraphics\Debug\link.4660.write.1.tlog
C:\Users\wang1247\Documents\Visual Studio 2012\Projects\InteractiveGraphics\InteractiveGraphics\Debug\link.4664-cvtres.read.1.tlog
C:\Users\wang1247\Documents\Visual Studio 2012\Projects\InteractiveGraphics\InteractiveGraphics\Debug\link.4664-cvtres.write.1.tlog
C:\Users\wang1247\Documents\Visual Studio 2012\Projects\InteractiveGraphics\InteractiveGraphics\Debug\link.4664-rc.read.1.tlog
C:\Users\wang1247\Documents\Visual Studio 2012\Projects\InteractiveGraphics\InteractiveGraphics\Debug\link.4664-rc.write.1.tlog
C:\Users\wang1247\Documents\Visual Studio 2012\Projects\InteractiveGraphics\InteractiveGraphics\Debug\link.4664.read.1.tlog
C:\Users\wang1247\Documents\Visual Studio 2012\Projects\InteractiveGraphics\InteractiveGraphics\Debug\link.4664.write.1.tlog
C:\Users\wang1247\Documents\Visual Studio 2012\Projects\InteractiveGraphics\InteractiveGraphics\Debug\link.4676-cvtres.read.1.tlog
C:\Users\wang1247\Documents\Visual Studio 2012\Projects\InteractiveGraphics\InteractiveGraphics\Debug\link.4676-cvtres.write.1.tlog
C:\Users\wang1247\Documents\Visual Studio 2012\Projects\InteractiveGraphics\InteractiveGraphics\Debug\link.4676-rc.read.1.tlog
C:\Users\wang1247\Documents\Visual Studio 2012\Projects\InteractiveGraphics\InteractiveGraphics\Debug\link.4676-rc.write.1.tlog
C:\Users\wang1247\Documents\Visual Studio 2012\Projects\InteractiveGraphics\InteractiveGraphics\Debug\link.4676.read.1.tlog
C:\Users\wang1247\Documents\Visual Studio 2012\Projects\InteractiveGraphics\InteractiveGraphics\Debug\link.4676.write.1.tlog
C:\Users\wang1247\Documents\Visual Studio 2012\Projects\InteractiveGraphics\InteractiveGraphics\Debug\link.4700-cvtres.read.1.tlog
C:\Users\wang1247\Documents\Visual Studio 2012\Projects\InteractiveGraphics\InteractiveGraphics\Debug\link.4700-cvtres.write.1.tlog
C:\Users\wang1247\Documents\Visual Studio 2012\Projects\InteractiveGraphics\InteractiveGraphics\Debug\link.4700-rc.read.1.tlog
C:\Users\wang1247\Documents\Visual Studio 2012\Projects\InteractiveGraphics\InteractiveGraphics\Debug\link.4700-rc.write.1.tlog
C:\Users\wang1247\Documents\Visual Studio 2012\Projects\InteractiveGraphics\InteractiveGraphics\Debug\link.4700.read.1.tlog
C:\Users\wang1247\Documents\Visual Studio 2012\Projects\InteractiveGraphics\InteractiveGraphics\Debug\link.4700.write.1.tlog
C:\Users\wang1247\Documents\Visual Studio 2012\Projects\InteractiveGraphics\InteractiveGraphics\Debug\link.4740-cvtres.read.1.tlog
C:\Users\wang1247\Documents\Visual Studio 2012\Projects\InteractiveGraphics\InteractiveGraphics\Debug\link.4740-cvtres.write.1.tlog
C:\Users\wang1247\Documents\Visual Studio 2012\Projects\InteractiveGraphics\InteractiveGraphics\Debug\link.4740-rc.read.1.tlog
C:\Users\wang1247\Documents\Visual Studio 2012\Projects\InteractiveGraphics\InteractiveGraphics\Debug\link.4740-rc.write.1.tlog
C:\Users\wang1247\Documents\Visual Studio 2012\Projects\InteractiveGraphics\InteractiveGraphics\Debug\link.4740.read.1.tlog
C:\Users\wang1247\Documents\Visual Studio 2012\Projects\InteractiveGraphics\InteractiveGraphics\Debug\link.4740.write.1.tlog
C:\Users\wang1247\Documents\Visual Studio 2012\Projects\InteractiveGraphics\InteractiveGraphics\Debug\link.4760-cvtres.read.1.tlog
C:\Users\wang1247\Documents\Visual Studio 2012\Projects\InteractiveGraphics\InteractiveGraphics\Debug\link.4760-cvtres.write.1.tlog
C:\Users\wang1247\Documents\Visual Studio 2012\Projects\InteractiveGraphics\InteractiveGraphics\Debug\link.4760-rc.read.1.tlog
C:\Users\wang1247\Documents\Visual Studio 2012\Projects\InteractiveGraphics\InteractiveGraphics\Debug\link.4760-rc.write.1.tlog
C:\Users\wang1247\Documents\Visual Studio 2012\Projects\InteractiveGraphics\InteractiveGraphics\Debug\link.4760.read.1.tlog
C:\Users\wang1247\Documents\Visual Studio 2012\Projects\InteractiveGraphics\InteractiveGraphics\Debug\link.4760.write.1.tlog
C:\Users\wang1247\Documents\Visual Studio 2012\Projects\InteractiveGraphics\InteractiveGraphics\Debug\link.4824-cvtres.read.1.tlog
C:\Users\wang1247\Documents\Visual Studio 2012\Projects\InteractiveGraphics\InteractiveGraphics\Debug\link.4824-cvtres.write.1.tlog
C:\Users\wang1247\Documents\Visual Studio 2012\Projects\InteractiveGraphics\InteractiveGraphics\Debug\link.4824-rc.read.1.tlog
C:\Users\wang1247\Documents\Visual Studio 2012\Projects\InteractiveGraphics\InteractiveGraphics\Debug\link.4824-rc.write.1.tlog
C:\Users\wang1247\Documents\Visual Studio 2012\Projects\InteractiveGraphics\InteractiveGraphics\Debug\link.4824.read.1.tlog
C:\Users\wang1247\Documents\Visual Studio 2012\Projects\InteractiveGraphics\InteractiveGraphics\Debug\link.4824.write.1.tlog
C:\Users\wang1247\Documents\Visual Studio 2012\Projects\InteractiveGraphics\InteractiveGraphics\Debug\link.4884-cvtres.read.1.tlog
C:\Users\wang1247\Documents\Visual Studio 2012\Projects\InteractiveGraphics\InteractiveGraphics\Debug\link.4884-cvtres.write.1.tlog
C:\Users\wang1247\Documents\Visual Studio 2012\Projects\InteractiveGraphics\InteractiveGraphics\Debug\link.4884-rc.read.1.tlog
C:\Users\wang1247\Documents\Visual Studio 2012\Projects\InteractiveGraphics\InteractiveGraphics\Debug\link.4884-rc.write.1.tlog
C:\Users\wang1247\Documents\Visual Studio 2012\Projects\InteractiveGraphics\InteractiveGraphics\Debug\link.4884.read.1.tlog
C:\Users\wang1247\Documents\Visual Studio 2012\Projects\InteractiveGraphics\InteractiveGraphics\Debug\link.4884.write.1.tlog
C:\Users\wang1247\Documents\Visual Studio 2012\Projects\InteractiveGraphics\InteractiveGraphics\Debug\link.4948-cvtres.read.1.tlog
C:\Users\wang1247\Documents\Visual Studio 2012\Projects\InteractiveGraphics\InteractiveGraphics\Debug\link.4948-cvtres.write.1.tlog
C:\Users\wang1247\Documents\Visual Studio 2012\Projects\InteractiveGraphics\InteractiveGraphics\Debug\link.4948-rc.read.1.tlog
C:\Users\wang1247\Documents\Visual Studio 2012\Projects\InteractiveGraphics\InteractiveGraphics\Debug\link.4948-rc.write.1.tlog
C:\Users\wang1247\Documents\Visual Studio 2012\Projects\InteractiveGraphics\InteractiveGraphics\Debug\link.4948.read.1.tlog
C:\Users\wang1247\Documents\Visual Studio 2012\Projects\InteractiveGraphics\InteractiveGraphics\Debug\link.4948.write.1.tlog
C:\Users\wang1247\Documents\Visual Studio 2012\Projects\InteractiveGraphics\InteractiveGraphics\Debug\link.4960-cvtres.read.1.tlog
C:\Users\wang1247\Documents\Visual Studio 2012\Projects\InteractiveGraphics\InteractiveGraphics\Debug\link.4960-cvtres.write.1.tlog
C:\Users\wang1247\Documents\Visual Studio 2012\Projects\InteractiveGraphics\InteractiveGraphics\Debug\link.4960-rc.read.1.tlog
C:\Users\wang1247\Documents\Visual Studio 2012\Projects\InteractiveGraphics\InteractiveGraphics\Debug\link.4960-rc.write.1.tlog
C:\Users\wang1247\Documents\Visual Studio 2012\Projects\InteractiveGraphics\InteractiveGraphics\Debug\link.4960.read.1.tlog
C:\Users\wang1247\Documents\Visual Studio 2012\Projects\InteractiveGraphics\InteractiveGraphics\Debug\link.4960.write.1.tlog
C:\Users\wang1247\Documents\Visual Studio 2012\Projects\InteractiveGraphics\InteractiveGraphics\Debug\link.5000-cvtres.read.1.tlog
C:\Users\wang1247\Documents\Visual Studio 2012\Projects\InteractiveGraphics\InteractiveGraphics\Debug\link.5000-cvtres.write.1.tlog
C:\Users\wang1247\Documents\Visual Studio 2012\Projects\InteractiveGraphics\InteractiveGraphics\Debug\link.5000-rc.read.1.tlog
C:\Users\wang1247\Documents\Visual Studio 2012\Projects\InteractiveGraphics\InteractiveGraphics\Debug\link.5000-rc.write.1.tlog
C:\Users\wang1247\Documents\Visual Studio 2012\Projects\InteractiveGraphics\InteractiveGraphics\Debug\link.5000.read.1.tlog
C:\Users\wang1247\Documents\Visual Studio 2012\Projects\InteractiveGraphics\InteractiveGraphics\Debug\link.5000.write.1.tlog
C:\Users\wang1247\Documents\Visual Studio 2012\Projects\InteractiveGraphics\InteractiveGraphics\Debug\link.5096-cvtres.read.1.tlog
C:\Users\wang1247\Documents\Visual Studio 2012\Projects\InteractiveGraphics\InteractiveGraphics\Debug\link.5096-cvtres.write.1.tlog
C:\Users\wang1247\Documents\Visual Studio 2012\Projects\InteractiveGraphics\InteractiveGraphics\Debug\link.5096-rc.read.1.tlog
C:\Users\wang1247\Documents\Visual Studio 2012\Projects\InteractiveGraphics\InteractiveGraphics\Debug\link.5096-rc.write.1.tlog
C:\Users\wang1247\Documents\Visual Studio 2012\Projects\InteractiveGraphics\InteractiveGraphics\Debug\link.5096.read.1.tlog
C:\Users\wang1247\Documents\Visual Studio 2012\Projects\InteractiveGraphics\InteractiveGraphics\Debug\link.5096.write.1.tlog
C:\Users\wang1247\Documents\Visual Studio 2012\Projects\InteractiveGraphics\InteractiveGraphics\Debug\link.command.1.tlog
C:\Users\wang1247\Documents\Visual Studio 2012\Projects\InteractiveGraphics\InteractiveGraphics\Debug\link.read.1.tlog
C:\Users\wang1247\Documents\Visual Studio 2012\Projects\InteractiveGraphics\InteractiveGraphics\Debug\link.write.1.tlog
C:\Users\wang1247\Documents\Visual Studio 2012\Projects\InteractiveGraphics\InteractiveGraphics\Debug\vc110.idb
C:\Users\wang1247\Documents\Visual Studio 2012\Projects\InteractiveGraphics\InteractiveGraphics\Debug\vc110.pdb
C:\Users\wang1247\Documents\Visual Studio 2012\Projects\InteractiveGraphics\Debug\InteractiveGraphics.pdb
C:\Users\wang1247\Documents\Visual Studio 2012\Projects\InteractiveGraphics\Debug\InteractiveGraphics.exe
C:\Users\wang1247\Documents\Visual Studio 2012\Projects\InteractiveGraphics\Debug\InteractiveGraphics.ilk
