Build started 9/27/2014 3:00:19 AM.
Project "C:\Users\Kathy Wang\Documents\Visual Studio 2013\Projects\InteractiveGraphics\interactiveGraphics.vcxproj" on node 2 (Build target(s)).
ClCompile:
  C:\Program Files (x86)\Microsoft Visual Studio 12.0\VC\bin\CL.exe /c /I"C:\Users\Kathy Wang\Documents\Visual Studio 2013\Projects\InteractiveGraphics\OpenGL\include" /Zi /nologo /W3 /WX- /O2 /Oi /Oy- /GL /D WIN32 /D NDEBUG /D _CONSOLE /D _UNICODE /D UNICODE /Gm- /EHsc /MD /GS /Gy /fp:precise /Zc:wchar_t /Zc:forScope /Fo"Release\\" /Fd"Release\vc120.pdb" /Gd /TP /analyze- /errorReport:prompt framebuffer.cpp gui.cxx scene.cpp
  framebuffer.cpp
  gui.cxx
  scene.cpp
Link:
  C:\Program Files (x86)\Microsoft Visual Studio 12.0\VC\bin\link.exe /ERRORREPORT:PROMPT /OUT:"C:\Users\Kathy Wang\Documents\Visual Studio 2013\Projects\InteractiveGraphics\Release\interactiveGraphics.exe" /INCREMENTAL:NO /NOLOGO /LIBPATH:"C:\Users\Kathy Wang\Documents\Visual Studio 2013\Projects\InteractiveGraphics\OpenGL\lib" cg.lib cgGL.lib tiff.lib fltk.lib fltkgl.lib opengl32.lib glu32.lib wsock32.lib comctl32.lib kernel32.lib user32.lib gdi32.lib winspool.lib comdlg32.lib advapi32.lib shell32.lib ole32.lib oleaut32.lib uuid.lib odbc32.lib odbccp32.lib kernel32.lib user32.lib gdi32.lib winspool.lib comdlg32.lib advapi32.lib shell32.lib ole32.lib oleaut32.lib uuid.lib odbc32.lib odbccp32.lib /MANIFEST /MANIFESTUAC:"level='asInvoker' uiAccess='false'" /manifest:embed /DEBUG /PDB:"C:\Users\Kathy Wang\Documents\Visual Studio 2013\Projects\InteractiveGraphics\Release\interactiveGraphics.pdb" /SUBSYSTEM:CONSOLE /OPT:REF /OPT:ICF /LTCG /TLBID:1 /DYNAMICBASE /NXCOMPAT /IMPLIB:"C:\Users\Kathy Wang\Documents\Visual Studio 2013\Projects\InteractiveGraphics\Release\interactiveGraphics.lib" /MACHINE:X86 /SAFESEH Release\framebuffer.obj
  Release\gui.obj
  Release\m33.obj
  Release\ppc.obj
  Release\scene.obj
  Release\tmesh.obj
  Release\v3.obj
  Generating code
  Finished generating code
fltk.lib(case.obj) : warning LNK4099: PDB 'vc100.pdb' was not found with 'fltk.lib(case.obj)' or at 'C:\Users\Kathy Wang\Documents\Visual Studio 2013\Projects\InteractiveGraphics\Release\vc100.pdb'; linking object as if no debug info
fltk.lib(filename_list.obj) : warning LNK4099: PDB 'vc100.pdb' was not found with 'fltk.lib(filename_list.obj)' or at 'C:\Users\Kathy Wang\Documents\Visual Studio 2013\Projects\InteractiveGraphics\Release\vc100.pdb'; linking object as if no debug info
fltk.lib(filename_match.obj) : warning LNK4099: PDB 'vc100.pdb' was not found with 'fltk.lib(filename_match.obj)' or at 'C:\Users\Kathy Wang\Documents\Visual Studio 2013\Projects\InteractiveGraphics\Release\vc100.pdb'; linking object as if no debug info
fltk.lib(Fl.obj) : warning LNK4099: PDB 'vc100.pdb' was not found with 'fltk.lib(Fl.obj)' or at 'C:\Users\Kathy Wang\Documents\Visual Studio 2013\Projects\InteractiveGraphics\Release\vc100.pdb'; linking object as if no debug info
fltk.lib(Fl_abort.obj) : warning LNK4099: PDB 'vc100.pdb' was not found with 'fltk.lib(Fl_abort.obj)' or at 'C:\Users\Kathy Wang\Documents\Visual Studio 2013\Projects\InteractiveGraphics\Release\vc100.pdb'; linking object as if no debug info
fltk.lib(fl_arc.obj) : warning LNK4099: PDB 'vc100.pdb' was not found with 'fltk.lib(fl_arc.obj)' or at 'C:\Users\Kathy Wang\Documents\Visual Studio 2013\Projects\InteractiveGraphics\Release\vc100.pdb'; linking object as if no debug info
fltk.lib(fl_arci.obj) : warning LNK4099: PDB 'vc100.pdb' was not found with 'fltk.lib(fl_arci.obj)' or at 'C:\Users\Kathy Wang\Documents\Visual Studio 2013\Projects\InteractiveGraphics\Release\vc100.pdb'; linking object as if no debug info
fltk.lib(fl_ask.obj) : warning LNK4099: PDB 'vc100.pdb' was not found with 'fltk.lib(fl_ask.obj)' or at 'C:\Users\Kathy Wang\Documents\Visual Studio 2013\Projects\InteractiveGraphics\Release\vc100.pdb'; linking object as if no debug info
fltk.lib(Fl_Bitmap.obj) : warning LNK4099: PDB 'vc100.pdb' was not found with 'fltk.lib(Fl_Bitmap.obj)' or at 'C:\Users\Kathy Wang\Documents\Visual Studio 2013\Projects\InteractiveGraphics\Release\vc100.pdb'; linking object as if no debug info
fltk.lib(Fl_Box.obj) : warning LNK4099: PDB 'vc100.pdb' was not found with 'fltk.lib(Fl_Box.obj)' or at 'C:\Users\Kathy Wang\Documents\Visual Studio 2013\Projects\InteractiveGraphics\Release\vc100.pdb'; linking object as if no debug info
fltk.lib(fl_boxtype.obj) : warning LNK4099: PDB 'vc100.pdb' was not found with 'fltk.lib(fl_boxtype.obj)' or at 'C:\Users\Kathy Wang\Documents\Visual Studio 2013\Projects\InteractiveGraphics\Release\vc100.pdb'; linking object as if no debug info
fltk.lib(Fl_Button.obj) : warning LNK4099: PDB 'vc100.pdb' was not found with 'fltk.lib(Fl_Button.obj)' or at 'C:\Users\Kathy Wang\Documents\Visual Studio 2013\Projects\InteractiveGraphics\Release\vc100.pdb'; linking object as if no debug info
fltk.lib(Fl_Check_Button.obj) : warning LNK4099: PDB 'vc100.pdb' was not found with 'fltk.lib(Fl_Check_Button.obj)' or at 'C:\Users\Kathy Wang\Documents\Visual Studio 2013\Projects\InteractiveGraphics\Release\vc100.pdb'; linking object as if no debug info
fltk.lib(fl_color.obj) : warning LNK4099: PDB 'vc100.pdb' was not found with 'fltk.lib(fl_color.obj)' or at 'C:\Users\Kathy Wang\Documents\Visual Studio 2013\Projects\InteractiveGraphics\Release\vc100.pdb'; linking object as if no debug info
fltk.lib(Fl_compose.obj) : warning LNK4099: PDB 'vc100.pdb' was not found with 'fltk.lib(Fl_compose.obj)' or at 'C:\Users\Kathy Wang\Documents\Visual Studio 2013\Projects\InteractiveGraphics\Release\vc100.pdb'; linking object as if no debug info
fltk.lib(fl_cursor.obj) : warning LNK4099: PDB 'vc100.pdb' was not found with 'fltk.lib(fl_cursor.obj)' or at 'C:\Users\Kathy Wang\Documents\Visual Studio 2013\Projects\InteractiveGraphics\Release\vc100.pdb'; linking object as if no debug info
fltk.lib(fl_curve.obj) : warning LNK4099: PDB 'vc100.pdb' was not found with 'fltk.lib(fl_curve.obj)' or at 'C:\Users\Kathy Wang\Documents\Visual Studio 2013\Projects\InteractiveGraphics\Release\vc100.pdb'; linking object as if no debug info
fltk.lib(Fl_Device.obj) : warning LNK4099: PDB 'vc100.pdb' was not found with 'fltk.lib(Fl_Device.obj)' or at 'C:\Users\Kathy Wang\Documents\Visual Studio 2013\Projects\InteractiveGraphics\Release\vc100.pdb'; linking object as if no debug info
fltk.lib(fl_dnd.obj) : warning LNK4099: PDB 'vc100.pdb' was not found with 'fltk.lib(fl_dnd.obj)' or at 'C:\Users\Kathy Wang\Documents\Visual Studio 2013\Projects\InteractiveGraphics\Release\vc100.pdb'; linking object as if no debug info
fltk.lib(Fl_Double_Window.obj) : warning LNK4099: PDB 'vc100.pdb' was not found with 'fltk.lib(Fl_Double_Window.obj)' or at 'C:\Users\Kathy Wang\Documents\Visual Studio 2013\Projects\InteractiveGraphics\Release\vc100.pdb'; linking object as if no debug info
fltk.lib(fl_draw.obj) : warning LNK4099: PDB 'vc100.pdb' was not found with 'fltk.lib(fl_draw.obj)' or at 'C:\Users\Kathy Wang\Documents\Visual Studio 2013\Projects\InteractiveGraphics\Release\vc100.pdb'; linking object as if no debug info
fltk.lib(fl_draw_image.obj) : warning LNK4099: PDB 'vc100.pdb' was not found with 'fltk.lib(fl_draw_image.obj)' or at 'C:\Users\Kathy Wang\Documents\Visual Studio 2013\Projects\InteractiveGraphics\Release\vc100.pdb'; linking object as if no debug info
fltk.lib(fl_draw_pixmap.obj) : warning LNK4099: PDB 'vc100.pdb' was not found with 'fltk.lib(fl_draw_pixmap.obj)' or at 'C:\Users\Kathy Wang\Documents\Visual Studio 2013\Projects\InteractiveGraphics\Release\vc100.pdb'; linking object as if no debug info
fltk.lib(fl_font.obj) : warning LNK4099: PDB 'vc100.pdb' was not found with 'fltk.lib(fl_font.obj)' or at 'C:\Users\Kathy Wang\Documents\Visual Studio 2013\Projects\InteractiveGraphics\Release\vc100.pdb'; linking object as if no debug info
fltk.lib(Fl_get_system_colors.obj) : warning LNK4099: PDB 'vc100.pdb' was not found with 'fltk.lib(Fl_get_system_colors.obj)' or at 'C:\Users\Kathy Wang\Documents\Visual Studio 2013\Projects\InteractiveGraphics\Release\vc100.pdb'; linking object as if no debug info
fltk.lib(Fl_grab.obj) : warning LNK4099: PDB 'vc100.pdb' was not found with 'fltk.lib(Fl_grab.obj)' or at 'C:\Users\Kathy Wang\Documents\Visual Studio 2013\Projects\InteractiveGraphics\Release\vc100.pdb'; linking object as if no debug info
fltk.lib(Fl_Group.obj) : warning LNK4099: PDB 'vc100.pdb' was not found with 'fltk.lib(Fl_Group.obj)' or at 'C:\Users\Kathy Wang\Documents\Visual Studio 2013\Projects\InteractiveGraphics\Release\vc100.pdb'; linking object as if no debug info
fltk.lib(fl_gtk.obj) : warning LNK4099: PDB 'vc100.pdb' was not found with 'fltk.lib(fl_gtk.obj)' or at 'C:\Users\Kathy Wang\Documents\Visual Studio 2013\Projects\InteractiveGraphics\Release\vc100.pdb'; linking object as if no debug info
fltk.lib(Fl_Image.obj) : warning LNK4099: PDB 'vc100.pdb' was not found with 'fltk.lib(Fl_Image.obj)' or at 'C:\Users\Kathy Wang\Documents\Visual Studio 2013\Projects\InteractiveGraphics\Release\vc100.pdb'; linking object as if no debug info
fltk.lib(Fl_Input.obj) : warning LNK4099: PDB 'vc100.pdb' was not found with 'fltk.lib(Fl_Input.obj)' or at 'C:\Users\Kathy Wang\Documents\Visual Studio 2013\Projects\InteractiveGraphics\Release\vc100.pdb'; linking object as if no debug info
fltk.lib(Fl_Input_.obj) : warning LNK4099: PDB 'vc100.pdb' was not found with 'fltk.lib(Fl_Input_.obj)' or at 'C:\Users\Kathy Wang\Documents\Visual Studio 2013\Projects\InteractiveGraphics\Release\vc100.pdb'; linking object as if no debug info
fltk.lib(fl_labeltype.obj) : warning LNK4099: PDB 'vc100.pdb' was not found with 'fltk.lib(fl_labeltype.obj)' or at 'C:\Users\Kathy Wang\Documents\Visual Studio 2013\Projects\InteractiveGraphics\Release\vc100.pdb'; linking object as if no debug info
fltk.lib(Fl_Light_Button.obj) : warning LNK4099: PDB 'vc100.pdb' was not found with 'fltk.lib(Fl_Light_Button.obj)' or at 'C:\Users\Kathy Wang\Documents\Visual Studio 2013\Projects\InteractiveGraphics\Release\vc100.pdb'; linking object as if no debug info
fltk.lib(fl_line_style.obj) : warning LNK4099: PDB 'vc100.pdb' was not found with 'fltk.lib(fl_line_style.obj)' or at 'C:\Users\Kathy Wang\Documents\Visual Studio 2013\Projects\InteractiveGraphics\Release\vc100.pdb'; linking object as if no debug info
fltk.lib(Fl_lock.obj) : warning LNK4099: PDB 'vc100.pdb' was not found with 'fltk.lib(Fl_lock.obj)' or at 'C:\Users\Kathy Wang\Documents\Visual Studio 2013\Projects\InteractiveGraphics\Release\vc100.pdb'; linking object as if no debug info
fltk.lib(Fl_Menu_Window.obj) : warning LNK4099: PDB 'vc100.pdb' was not found with 'fltk.lib(Fl_Menu_Window.obj)' or at 'C:\Users\Kathy Wang\Documents\Visual Studio 2013\Projects\InteractiveGraphics\Release\vc100.pdb'; linking object as if no debug info
fltk.lib(Fl_Native_File_Chooser.obj) : warning LNK4099: PDB 'vc100.pdb' was not found with 'fltk.lib(Fl_Native_File_Chooser.obj)' or at 'C:\Users\Kathy Wang\Documents\Visual Studio 2013\Projects\InteractiveGraphics\Release\vc100.pdb'; linking object as if no debug info
fltk.lib(Fl_Paged_Device.obj) : warning LNK4099: PDB 'vc100.pdb' was not found with 'fltk.lib(Fl_Paged_Device.obj)' or at 'C:\Users\Kathy Wang\Documents\Visual Studio 2013\Projects\InteractiveGraphics\Release\vc100.pdb'; linking object as if no debug info
fltk.lib(Fl_Pixmap.obj) : warning LNK4099: PDB 'vc100.pdb' was not found with 'fltk.lib(Fl_Pixmap.obj)' or at 'C:\Users\Kathy Wang\Documents\Visual Studio 2013\Projects\InteractiveGraphics\Release\vc100.pdb'; linking object as if no debug info
fltk.lib(fl_plastic.obj) : warning LNK4099: PDB 'vc100.pdb' was not found with 'fltk.lib(fl_plastic.obj)' or at 'C:\Users\Kathy Wang\Documents\Visual Studio 2013\Projects\InteractiveGraphics\Release\vc100.pdb'; linking object as if no debug info
fltk.lib(Fl_Preferences.obj) : warning LNK4099: PDB 'vc100.pdb' was not found with 'fltk.lib(Fl_Preferences.obj)' or at 'C:\Users\Kathy Wang\Documents\Visual Studio 2013\Projects\InteractiveGraphics\Release\vc100.pdb'; linking object as if no debug info
fltk.lib(Fl_Printer.obj) : warning LNK4099: PDB 'vc100.pdb' was not found with 'fltk.lib(Fl_Printer.obj)' or at 'C:\Users\Kathy Wang\Documents\Visual Studio 2013\Projects\InteractiveGraphics\Release\vc100.pdb'; linking object as if no debug info
fltk.lib(fl_read_image.obj) : warning LNK4099: PDB 'vc100.pdb' was not found with 'fltk.lib(fl_read_image.obj)' or at 'C:\Users\Kathy Wang\Documents\Visual Studio 2013\Projects\InteractiveGraphics\Release\vc100.pdb'; linking object as if no debug info
fltk.lib(fl_rect.obj) : warning LNK4099: PDB 'vc100.pdb' was not found with 'fltk.lib(fl_rect.obj)' or at 'C:\Users\Kathy Wang\Documents\Visual Studio 2013\Projects\InteractiveGraphics\Release\vc100.pdb'; linking object as if no debug info
fltk.lib(Fl_Return_Button.obj) : warning LNK4099: PDB 'vc100.pdb' was not found with 'fltk.lib(Fl_Return_Button.obj)' or at 'C:\Users\Kathy Wang\Documents\Visual Studio 2013\Projects\InteractiveGraphics\Release\vc100.pdb'; linking object as if no debug info
fltk.lib(fl_round_box.obj) : warning LNK4099: PDB 'vc100.pdb' was not found with 'fltk.lib(fl_round_box.obj)' or at 'C:\Users\Kathy Wang\Documents\Visual Studio 2013\Projects\InteractiveGraphics\Release\vc100.pdb'; linking object as if no debug info
fltk.lib(fl_shortcut.obj) : warning LNK4099: PDB 'vc100.pdb' was not found with 'fltk.lib(fl_shortcut.obj)' or at 'C:\Users\Kathy Wang\Documents\Visual Studio 2013\Projects\InteractiveGraphics\Release\vc100.pdb'; linking object as if no debug info
fltk.lib(Fl_Single_Window.obj) : warning LNK4099: PDB 'vc100.pdb' was not found with 'fltk.lib(Fl_Single_Window.obj)' or at 'C:\Users\Kathy Wang\Documents\Visual Studio 2013\Projects\InteractiveGraphics\Release\vc100.pdb'; linking object as if no debug info
fltk.lib(fl_symbols.obj) : warning LNK4099: PDB 'vc100.pdb' was not found with 'fltk.lib(fl_symbols.obj)' or at 'C:\Users\Kathy Wang\Documents\Visual Studio 2013\Projects\InteractiveGraphics\Release\vc100.pdb'; linking object as if no debug info
fltk.lib(Fl_Tiled_Image.obj) : warning LNK4099: PDB 'vc100.pdb' was not found with 'fltk.lib(Fl_Tiled_Image.obj)' or at 'C:\Users\Kathy Wang\Documents\Visual Studio 2013\Projects\InteractiveGraphics\Release\vc100.pdb'; linking object as if no debug info
fltk.lib(Fl_Tooltip.obj) : warning LNK4099: PDB 'vc100.pdb' was not found with 'fltk.lib(Fl_Tooltip.obj)' or at 'C:\Users\Kathy Wang\Documents\Visual Studio 2013\Projects\InteractiveGraphics\Release\vc100.pdb'; linking object as if no debug info
fltk.lib(fl_utf.obj) : warning LNK4099: PDB 'vc100.pdb' was not found with 'fltk.lib(fl_utf.obj)' or at 'C:\Users\Kathy Wang\Documents\Visual Studio 2013\Projects\InteractiveGraphics\Release\vc100.pdb'; linking object as if no debug info
fltk.lib(fl_utf8.obj) : warning LNK4099: PDB 'vc100.pdb' was not found with 'fltk.lib(fl_utf8.obj)' or at 'C:\Users\Kathy Wang\Documents\Visual Studio 2013\Projects\InteractiveGraphics\Release\vc100.pdb'; linking object as if no debug info
fltk.lib(fl_vertex.obj) : warning LNK4099: PDB 'vc100.pdb' was not found with 'fltk.lib(fl_vertex.obj)' or at 'C:\Users\Kathy Wang\Documents\Visual Studio 2013\Projects\InteractiveGraphics\Release\vc100.pdb'; linking object as if no debug info
fltk.lib(Fl_Widget.obj) : warning LNK4099: PDB 'vc100.pdb' was not found with 'fltk.lib(Fl_Widget.obj)' or at 'C:\Users\Kathy Wang\Documents\Visual Studio 2013\Projects\InteractiveGraphics\Release\vc100.pdb'; linking object as if no debug info
fltk.lib(Fl_Window.obj) : warning LNK4099: PDB 'vc100.pdb' was not found with 'fltk.lib(Fl_Window.obj)' or at 'C:\Users\Kathy Wang\Documents\Visual Studio 2013\Projects\InteractiveGraphics\Release\vc100.pdb'; linking object as if no debug info
fltk.lib(Fl_Window_hotspot.obj) : warning LNK4099: PDB 'vc100.pdb' was not found with 'fltk.lib(Fl_Window_hotspot.obj)' or at 'C:\Users\Kathy Wang\Documents\Visual Studio 2013\Projects\InteractiveGraphics\Release\vc100.pdb'; linking object as if no debug info
fltk.lib(flstring.obj) : warning LNK4099: PDB 'vc100.pdb' was not found with 'fltk.lib(flstring.obj)' or at 'C:\Users\Kathy Wang\Documents\Visual Studio 2013\Projects\InteractiveGraphics\Release\vc100.pdb'; linking object as if no debug info
fltk.lib(is_spacing.obj) : warning LNK4099: PDB 'vc100.pdb' was not found with 'fltk.lib(is_spacing.obj)' or at 'C:\Users\Kathy Wang\Documents\Visual Studio 2013\Projects\InteractiveGraphics\Release\vc100.pdb'; linking object as if no debug info
fltk.lib(numericsort.obj) : warning LNK4099: PDB 'vc100.pdb' was not found with 'fltk.lib(numericsort.obj)' or at 'C:\Users\Kathy Wang\Documents\Visual Studio 2013\Projects\InteractiveGraphics\Release\vc100.pdb'; linking object as if no debug info
fltk.lib(ps_image.obj) : warning LNK4099: PDB 'vc100.pdb' was not found with 'fltk.lib(ps_image.obj)' or at 'C:\Users\Kathy Wang\Documents\Visual Studio 2013\Projects\InteractiveGraphics\Release\vc100.pdb'; linking object as if no debug info
fltk.lib(scandir.obj) : warning LNK4099: PDB 'vc100.pdb' was not found with 'fltk.lib(scandir.obj)' or at 'C:\Users\Kathy Wang\Documents\Visual Studio 2013\Projects\InteractiveGraphics\Release\vc100.pdb'; linking object as if no debug info
fltk.lib(screen_xywh.obj) : warning LNK4099: PDB 'vc100.pdb' was not found with 'fltk.lib(screen_xywh.obj)' or at 'C:\Users\Kathy Wang\Documents\Visual Studio 2013\Projects\InteractiveGraphics\Release\vc100.pdb'; linking object as if no debug info
fltk.lib(vsnprintf.obj) : warning LNK4099: PDB 'vc100.pdb' was not found with 'fltk.lib(vsnprintf.obj)' or at 'C:\Users\Kathy Wang\Documents\Visual Studio 2013\Projects\InteractiveGraphics\Release\vc100.pdb'; linking object as if no debug info
fltkgl.lib(Fl_Gl_Choice.obj) : warning LNK4099: PDB 'vc100.pdb' was not found with 'fltkgl.lib(Fl_Gl_Choice.obj)' or at 'C:\Users\Kathy Wang\Documents\Visual Studio 2013\Projects\InteractiveGraphics\Release\vc100.pdb'; linking object as if no debug info
fltkgl.lib(Fl_Gl_Device_Plugin.obj) : warning LNK4099: PDB 'vc100.pdb' was not found with 'fltkgl.lib(Fl_Gl_Device_Plugin.obj)' or at 'C:\Users\Kathy Wang\Documents\Visual Studio 2013\Projects\InteractiveGraphics\Release\vc100.pdb'; linking object as if no debug info
fltkgl.lib(Fl_Gl_Window.obj) : warning LNK4099: PDB 'vc100.pdb' was not found with 'fltkgl.lib(Fl_Gl_Window.obj)' or at 'C:\Users\Kathy Wang\Documents\Visual Studio 2013\Projects\InteractiveGraphics\Release\vc100.pdb'; linking object as if no debug info
fltkgl.lib(gl_draw.obj) : warning LNK4099: PDB 'vc100.pdb' was not found with 'fltkgl.lib(gl_draw.obj)' or at 'C:\Users\Kathy Wang\Documents\Visual Studio 2013\Projects\InteractiveGraphics\Release\vc100.pdb'; linking object as if no debug info
  interactiveGraphics.vcxproj -> C:\Users\Kathy Wang\Documents\Visual Studio 2013\Projects\InteractiveGraphics\Release\interactiveGraphics.exe
Done Building Project "C:\Users\Kathy Wang\Documents\Visual Studio 2013\Projects\InteractiveGraphics\interactiveGraphics.vcxproj" (Build target(s)).

Build succeeded.

Time Elapsed 00:00:02.99
