Build started 10/20/2014 4:31:08 AM.
Project "C:\Users\Kathy Wang\Documents\Visual Studio 2013\Projects\InteractiveGraphics\interactiveGraphics.vcxproj" on node 2 (Build target(s)).
ClCompile:
  C:\Program Files (x86)\Microsoft Visual Studio 12.0\VC\bin\CL.exe /c /I"C:\Users\Kathy Wang\Documents\Visual Studio 2013\Projects\InteractiveGraphics\OpenGL\include" /I"C:\Users\wang1247\Documents\Visual Studio 2012\Projects\InteractiveGraphics\InteractiveGraphics\OpenGL\include" /I"C:\Users\Kathy Wang\Documents\Visual Studio 2010\Projects\InteractiveGraphics\InteractiveGraphics\OpenGL\include" /ZI /nologo /W3 /WX- /Od /Oy- /D WIN32 /D _DEBUG /D _CONSOLE /D _UNICODE /D UNICODE /Gm /EHsc /RTC1 /MDd /Zp2 /GS /fp:precise /Zc:wchar_t /Zc:forScope /Fo"Debug\\" /Fd"Debug\vc120.pdb" /Gd /TP /analyze- /errorReport:prompt gui.cxx
  gui.cxx
Link:
  C:\Program Files (x86)\Microsoft Visual Studio 12.0\VC\bin\link.exe /ERRORREPORT:PROMPT /OUT:"C:\Users\Kathy Wang\Documents\Visual Studio 2013\Projects\InteractiveGraphics\Debug\interactiveGraphics.exe" /INCREMENTAL /NOLOGO /LIBPATH:"C:\Users\Kathy Wang\Documents\Visual Studio 2013\Projects\InteractiveGraphics\OpenGL\lib" /LIBPATH:"C:\Users\wang1247\Documents\Visual Studio 2012\Projects\InteractiveGraphics\InteractiveGraphics\OpenGL\lib" /LIBPATH:"C:\Users\Kathy Wang\Documents\Visual Studio 2010\Projects\InteractiveGraphics\InteractiveGraphics\OpenGL\lib" cg.lib cgGL.lib tiff.lib fltk.lib fltkgl.lib opengl32.lib glu32.lib wsock32.lib comctl32.lib kernel32.lib user32.lib gdi32.lib winspool.lib comdlg32.lib advapi32.lib shell32.lib ole32.lib oleaut32.lib uuid.lib odbc32.lib odbccp32.lib kernel32.lib user32.lib gdi32.lib winspool.lib comdlg32.lib advapi32.lib shell32.lib ole32.lib oleaut32.lib uuid.lib odbc32.lib odbccp32.lib /NODEFAULTLIB:LIBC.lib /NODEFAULTLIB:MSVCRT.lib /MANIFEST /MANIFESTUAC:"level='asInvoker' uiAccess='false'" /manifest:embed /DEBUG /PDB:"C:\Users\Kathy Wang\Documents\Visual Studio 2013\Projects\InteractiveGraphics\Debug\interactiveGraphics.pdb" /SUBSYSTEM:CONSOLE /TLBID:1 /DYNAMICBASE /NXCOMPAT /IMPLIB:"C:\Users\Kathy Wang\Documents\Visual Studio 2013\Projects\InteractiveGraphics\Debug\interactiveGraphics.lib" /MACHINE:X86 Debug\framebuffer.obj
  Debug\gui.obj
  Debug\m33.obj
  Debug\ppc.obj
  Debug\scene.obj
  Debug\tmesh.obj
  Debug\v3.obj
  tiff.lib(tif_win32.obj) : MSIL .netmodule or module compiled with /GL found; restarting link with /LTCG; add /LTCG to the link command line to improve linker performance
LINK : warning LNK4075: ignoring '/INCREMENTAL' due to '/LTCG' specification
framebuffer.obj : warning LNK4075: ignoring '/EDITANDCONTINUE' due to '/OPT:LBR' specification
  Generating code
  Finished generating code
tiff.lib(tif_win32.obj) : warning LNK4099: PDB 'vc80.pdb' was not found with 'tiff.lib(tif_win32.obj)' or at 'C:\Users\Kathy Wang\Documents\Visual Studio 2013\Projects\InteractiveGraphics\Debug\vc80.pdb'; linking object as if no debug info
tiff.lib(tif_close.obj) : warning LNK4099: PDB 'vc80.pdb' was not found with 'tiff.lib(tif_close.obj)' or at 'C:\Users\Kathy Wang\Documents\Visual Studio 2013\Projects\InteractiveGraphics\Debug\vc80.pdb'; linking object as if no debug info
tiff.lib(tif_dir.obj) : warning LNK4099: PDB 'vc80.pdb' was not found with 'tiff.lib(tif_dir.obj)' or at 'C:\Users\Kathy Wang\Documents\Visual Studio 2013\Projects\InteractiveGraphics\Debug\vc80.pdb'; linking object as if no debug info
tiff.lib(tif_strip.obj) : warning LNK4099: PDB 'vc80.pdb' was not found with 'tiff.lib(tif_strip.obj)' or at 'C:\Users\Kathy Wang\Documents\Visual Studio 2013\Projects\InteractiveGraphics\Debug\vc80.pdb'; linking object as if no debug info
tiff.lib(tif_write.obj) : warning LNK4099: PDB 'vc80.pdb' was not found with 'tiff.lib(tif_write.obj)' or at 'C:\Users\Kathy Wang\Documents\Visual Studio 2013\Projects\InteractiveGraphics\Debug\vc80.pdb'; linking object as if no debug info
tiff.lib(tif_getimage.obj) : warning LNK4099: PDB 'vc80.pdb' was not found with 'tiff.lib(tif_getimage.obj)' or at 'C:\Users\Kathy Wang\Documents\Visual Studio 2013\Projects\InteractiveGraphics\Debug\vc80.pdb'; linking object as if no debug info
tiff.lib(tif_open.obj) : warning LNK4099: PDB 'vc80.pdb' was not found with 'tiff.lib(tif_open.obj)' or at 'C:\Users\Kathy Wang\Documents\Visual Studio 2013\Projects\InteractiveGraphics\Debug\vc80.pdb'; linking object as if no debug info
tiff.lib(tif_error.obj) : warning LNK4099: PDB 'vc80.pdb' was not found with 'tiff.lib(tif_error.obj)' or at 'C:\Users\Kathy Wang\Documents\Visual Studio 2013\Projects\InteractiveGraphics\Debug\vc80.pdb'; linking object as if no debug info
tiff.lib(tif_flush.obj) : warning LNK4099: PDB 'vc80.pdb' was not found with 'tiff.lib(tif_flush.obj)' or at 'C:\Users\Kathy Wang\Documents\Visual Studio 2013\Projects\InteractiveGraphics\Debug\vc80.pdb'; linking object as if no debug info
tiff.lib(tif_swab.obj) : warning LNK4099: PDB 'vc80.pdb' was not found with 'tiff.lib(tif_swab.obj)' or at 'C:\Users\Kathy Wang\Documents\Visual Studio 2013\Projects\InteractiveGraphics\Debug\vc80.pdb'; linking object as if no debug info
tiff.lib(tif_dirinfo.obj) : warning LNK4099: PDB 'vc80.pdb' was not found with 'tiff.lib(tif_dirinfo.obj)' or at 'C:\Users\Kathy Wang\Documents\Visual Studio 2013\Projects\InteractiveGraphics\Debug\vc80.pdb'; linking object as if no debug info
tiff.lib(tif_read.obj) : warning LNK4099: PDB 'vc80.pdb' was not found with 'tiff.lib(tif_read.obj)' or at 'C:\Users\Kathy Wang\Documents\Visual Studio 2013\Projects\InteractiveGraphics\Debug\vc80.pdb'; linking object as if no debug info
tiff.lib(tif_warning.obj) : warning LNK4099: PDB 'vc80.pdb' was not found with 'tiff.lib(tif_warning.obj)' or at 'C:\Users\Kathy Wang\Documents\Visual Studio 2013\Projects\InteractiveGraphics\Debug\vc80.pdb'; linking object as if no debug info
tiff.lib(tif_compress.obj) : warning LNK4099: PDB 'vc80.pdb' was not found with 'tiff.lib(tif_compress.obj)' or at 'C:\Users\Kathy Wang\Documents\Visual Studio 2013\Projects\InteractiveGraphics\Debug\vc80.pdb'; linking object as if no debug info
tiff.lib(tif_dirread.obj) : warning LNK4099: PDB 'vc80.pdb' was not found with 'tiff.lib(tif_dirread.obj)' or at 'C:\Users\Kathy Wang\Documents\Visual Studio 2013\Projects\InteractiveGraphics\Debug\vc80.pdb'; linking object as if no debug info
tiff.lib(tif_tile.obj) : warning LNK4099: PDB 'vc80.pdb' was not found with 'tiff.lib(tif_tile.obj)' or at 'C:\Users\Kathy Wang\Documents\Visual Studio 2013\Projects\InteractiveGraphics\Debug\vc80.pdb'; linking object as if no debug info
tiff.lib(tif_color.obj) : warning LNK4099: PDB 'vc80.pdb' was not found with 'tiff.lib(tif_color.obj)' or at 'C:\Users\Kathy Wang\Documents\Visual Studio 2013\Projects\InteractiveGraphics\Debug\vc80.pdb'; linking object as if no debug info
tiff.lib(tif_aux.obj) : warning LNK4099: PDB 'vc80.pdb' was not found with 'tiff.lib(tif_aux.obj)' or at 'C:\Users\Kathy Wang\Documents\Visual Studio 2013\Projects\InteractiveGraphics\Debug\vc80.pdb'; linking object as if no debug info
tiff.lib(tif_dirwrite.obj) : warning LNK4099: PDB 'vc80.pdb' was not found with 'tiff.lib(tif_dirwrite.obj)' or at 'C:\Users\Kathy Wang\Documents\Visual Studio 2013\Projects\InteractiveGraphics\Debug\vc80.pdb'; linking object as if no debug info
tiff.lib(tif_codec.obj) : warning LNK4099: PDB 'vc80.pdb' was not found with 'tiff.lib(tif_codec.obj)' or at 'C:\Users\Kathy Wang\Documents\Visual Studio 2013\Projects\InteractiveGraphics\Debug\vc80.pdb'; linking object as if no debug info
tiff.lib(tif_fax3.obj) : warning LNK4099: PDB 'vc80.pdb' was not found with 'tiff.lib(tif_fax3.obj)' or at 'C:\Users\Kathy Wang\Documents\Visual Studio 2013\Projects\InteractiveGraphics\Debug\vc80.pdb'; linking object as if no debug info
tiff.lib(tif_zip.obj) : warning LNK4099: PDB 'vc80.pdb' was not found with 'tiff.lib(tif_zip.obj)' or at 'C:\Users\Kathy Wang\Documents\Visual Studio 2013\Projects\InteractiveGraphics\Debug\vc80.pdb'; linking object as if no debug info
tiff.lib(tif_thunder.obj) : warning LNK4099: PDB 'vc80.pdb' was not found with 'tiff.lib(tif_thunder.obj)' or at 'C:\Users\Kathy Wang\Documents\Visual Studio 2013\Projects\InteractiveGraphics\Debug\vc80.pdb'; linking object as if no debug info
tiff.lib(tif_luv.obj) : warning LNK4099: PDB 'vc80.pdb' was not found with 'tiff.lib(tif_luv.obj)' or at 'C:\Users\Kathy Wang\Documents\Visual Studio 2013\Projects\InteractiveGraphics\Debug\vc80.pdb'; linking object as if no debug info
tiff.lib(tif_pixarlog.obj) : warning LNK4099: PDB 'vc80.pdb' was not found with 'tiff.lib(tif_pixarlog.obj)' or at 'C:\Users\Kathy Wang\Documents\Visual Studio 2013\Projects\InteractiveGraphics\Debug\vc80.pdb'; linking object as if no debug info
tiff.lib(tif_lzw.obj) : warning LNK4099: PDB 'vc80.pdb' was not found with 'tiff.lib(tif_lzw.obj)' or at 'C:\Users\Kathy Wang\Documents\Visual Studio 2013\Projects\InteractiveGraphics\Debug\vc80.pdb'; linking object as if no debug info
tiff.lib(tif_jpeg.obj) : warning LNK4099: PDB 'vc80.pdb' was not found with 'tiff.lib(tif_jpeg.obj)' or at 'C:\Users\Kathy Wang\Documents\Visual Studio 2013\Projects\InteractiveGraphics\Debug\vc80.pdb'; linking object as if no debug info
tiff.lib(tif_packbits.obj) : warning LNK4099: PDB 'vc80.pdb' was not found with 'tiff.lib(tif_packbits.obj)' or at 'C:\Users\Kathy Wang\Documents\Visual Studio 2013\Projects\InteractiveGraphics\Debug\vc80.pdb'; linking object as if no debug info
tiff.lib(tif_next.obj) : warning LNK4099: PDB 'vc80.pdb' was not found with 'tiff.lib(tif_next.obj)' or at 'C:\Users\Kathy Wang\Documents\Visual Studio 2013\Projects\InteractiveGraphics\Debug\vc80.pdb'; linking object as if no debug info
tiff.lib(tif_dumpmode.obj) : warning LNK4099: PDB 'vc80.pdb' was not found with 'tiff.lib(tif_dumpmode.obj)' or at 'C:\Users\Kathy Wang\Documents\Visual Studio 2013\Projects\InteractiveGraphics\Debug\vc80.pdb'; linking object as if no debug info
tiff.lib(tif_fax3sm.obj) : warning LNK4099: PDB 'vc80.pdb' was not found with 'tiff.lib(tif_fax3sm.obj)' or at 'C:\Users\Kathy Wang\Documents\Visual Studio 2013\Projects\InteractiveGraphics\Debug\vc80.pdb'; linking object as if no debug info
tiff.lib(tif_predict.obj) : warning LNK4099: PDB 'vc80.pdb' was not found with 'tiff.lib(tif_predict.obj)' or at 'C:\Users\Kathy Wang\Documents\Visual Studio 2013\Projects\InteractiveGraphics\Debug\vc80.pdb'; linking object as if no debug info
fltk.lib(case.obj) : warning LNK4099: PDB 'vc100.pdb' was not found with 'fltk.lib(case.obj)' or at 'C:\Users\Kathy Wang\Documents\Visual Studio 2013\Projects\InteractiveGraphics\Debug\vc100.pdb'; linking object as if no debug info
fltk.lib(filename_list.obj) : warning LNK4099: PDB 'vc100.pdb' was not found with 'fltk.lib(filename_list.obj)' or at 'C:\Users\Kathy Wang\Documents\Visual Studio 2013\Projects\InteractiveGraphics\Debug\vc100.pdb'; linking object as if no debug info
fltk.lib(filename_match.obj) : warning LNK4099: PDB 'vc100.pdb' was not found with 'fltk.lib(filename_match.obj)' or at 'C:\Users\Kathy Wang\Documents\Visual Studio 2013\Projects\InteractiveGraphics\Debug\vc100.pdb'; linking object as if no debug info
fltk.lib(Fl.obj) : warning LNK4099: PDB 'vc100.pdb' was not found with 'fltk.lib(Fl.obj)' or at 'C:\Users\Kathy Wang\Documents\Visual Studio 2013\Projects\InteractiveGraphics\Debug\vc100.pdb'; linking object as if no debug info
fltk.lib(Fl_abort.obj) : warning LNK4099: PDB 'vc100.pdb' was not found with 'fltk.lib(Fl_abort.obj)' or at 'C:\Users\Kathy Wang\Documents\Visual Studio 2013\Projects\InteractiveGraphics\Debug\vc100.pdb'; linking object as if no debug info
fltk.lib(fl_arc.obj) : warning LNK4099: PDB 'vc100.pdb' was not found with 'fltk.lib(fl_arc.obj)' or at 'C:\Users\Kathy Wang\Documents\Visual Studio 2013\Projects\InteractiveGraphics\Debug\vc100.pdb'; linking object as if no debug info
fltk.lib(fl_arci.obj) : warning LNK4099: PDB 'vc100.pdb' was not found with 'fltk.lib(fl_arci.obj)' or at 'C:\Users\Kathy Wang\Documents\Visual Studio 2013\Projects\InteractiveGraphics\Debug\vc100.pdb'; linking object as if no debug info
fltk.lib(fl_ask.obj) : warning LNK4099: PDB 'vc100.pdb' was not found with 'fltk.lib(fl_ask.obj)' or at 'C:\Users\Kathy Wang\Documents\Visual Studio 2013\Projects\InteractiveGraphics\Debug\vc100.pdb'; linking object as if no debug info
fltk.lib(Fl_Bitmap.obj) : warning LNK4099: PDB 'vc100.pdb' was not found with 'fltk.lib(Fl_Bitmap.obj)' or at 'C:\Users\Kathy Wang\Documents\Visual Studio 2013\Projects\InteractiveGraphics\Debug\vc100.pdb'; linking object as if no debug info
fltk.lib(Fl_Box.obj) : warning LNK4099: PDB 'vc100.pdb' was not found with 'fltk.lib(Fl_Box.obj)' or at 'C:\Users\Kathy Wang\Documents\Visual Studio 2013\Projects\InteractiveGraphics\Debug\vc100.pdb'; linking object as if no debug info
fltk.lib(fl_boxtype.obj) : warning LNK4099: PDB 'vc100.pdb' was not found with 'fltk.lib(fl_boxtype.obj)' or at 'C:\Users\Kathy Wang\Documents\Visual Studio 2013\Projects\InteractiveGraphics\Debug\vc100.pdb'; linking object as if no debug info
fltk.lib(Fl_Button.obj) : warning LNK4099: PDB 'vc100.pdb' was not found with 'fltk.lib(Fl_Button.obj)' or at 'C:\Users\Kathy Wang\Documents\Visual Studio 2013\Projects\InteractiveGraphics\Debug\vc100.pdb'; linking object as if no debug info
fltk.lib(fl_color.obj) : warning LNK4099: PDB 'vc100.pdb' was not found with 'fltk.lib(fl_color.obj)' or at 'C:\Users\Kathy Wang\Documents\Visual Studio 2013\Projects\InteractiveGraphics\Debug\vc100.pdb'; linking object as if no debug info
fltk.lib(Fl_compose.obj) : warning LNK4099: PDB 'vc100.pdb' was not found with 'fltk.lib(Fl_compose.obj)' or at 'C:\Users\Kathy Wang\Documents\Visual Studio 2013\Projects\InteractiveGraphics\Debug\vc100.pdb'; linking object as if no debug info
fltk.lib(fl_cursor.obj) : warning LNK4099: PDB 'vc100.pdb' was not found with 'fltk.lib(fl_cursor.obj)' or at 'C:\Users\Kathy Wang\Documents\Visual Studio 2013\Projects\InteractiveGraphics\Debug\vc100.pdb'; linking object as if no debug info
fltk.lib(fl_curve.obj) : warning LNK4099: PDB 'vc100.pdb' was not found with 'fltk.lib(fl_curve.obj)' or at 'C:\Users\Kathy Wang\Documents\Visual Studio 2013\Projects\InteractiveGraphics\Debug\vc100.pdb'; linking object as if no debug info
fltk.lib(Fl_Device.obj) : warning LNK4099: PDB 'vc100.pdb' was not found with 'fltk.lib(Fl_Device.obj)' or at 'C:\Users\Kathy Wang\Documents\Visual Studio 2013\Projects\InteractiveGraphics\Debug\vc100.pdb'; linking object as if no debug info
fltk.lib(fl_dnd.obj) : warning LNK4099: PDB 'vc100.pdb' was not found with 'fltk.lib(fl_dnd.obj)' or at 'C:\Users\Kathy Wang\Documents\Visual Studio 2013\Projects\InteractiveGraphics\Debug\vc100.pdb'; linking object as if no debug info
fltk.lib(Fl_Double_Window.obj) : warning LNK4099: PDB 'vc100.pdb' was not found with 'fltk.lib(Fl_Double_Window.obj)' or at 'C:\Users\Kathy Wang\Documents\Visual Studio 2013\Projects\InteractiveGraphics\Debug\vc100.pdb'; linking object as if no debug info
fltk.lib(fl_draw.obj) : warning LNK4099: PDB 'vc100.pdb' was not found with 'fltk.lib(fl_draw.obj)' or at 'C:\Users\Kathy Wang\Documents\Visual Studio 2013\Projects\InteractiveGraphics\Debug\vc100.pdb'; linking object as if no debug info
fltk.lib(fl_draw_image.obj) : warning LNK4099: PDB 'vc100.pdb' was not found with 'fltk.lib(fl_draw_image.obj)' or at 'C:\Users\Kathy Wang\Documents\Visual Studio 2013\Projects\InteractiveGraphics\Debug\vc100.pdb'; linking object as if no debug info
fltk.lib(fl_draw_pixmap.obj) : warning LNK4099: PDB 'vc100.pdb' was not found with 'fltk.lib(fl_draw_pixmap.obj)' or at 'C:\Users\Kathy Wang\Documents\Visual Studio 2013\Projects\InteractiveGraphics\Debug\vc100.pdb'; linking object as if no debug info
fltk.lib(fl_font.obj) : warning LNK4099: PDB 'vc100.pdb' was not found with 'fltk.lib(fl_font.obj)' or at 'C:\Users\Kathy Wang\Documents\Visual Studio 2013\Projects\InteractiveGraphics\Debug\vc100.pdb'; linking object as if no debug info
fltk.lib(Fl_get_system_colors.obj) : warning LNK4099: PDB 'vc100.pdb' was not found with 'fltk.lib(Fl_get_system_colors.obj)' or at 'C:\Users\Kathy Wang\Documents\Visual Studio 2013\Projects\InteractiveGraphics\Debug\vc100.pdb'; linking object as if no debug info
fltk.lib(Fl_grab.obj) : warning LNK4099: PDB 'vc100.pdb' was not found with 'fltk.lib(Fl_grab.obj)' or at 'C:\Users\Kathy Wang\Documents\Visual Studio 2013\Projects\InteractiveGraphics\Debug\vc100.pdb'; linking object as if no debug info
fltk.lib(Fl_Group.obj) : warning LNK4099: PDB 'vc100.pdb' was not found with 'fltk.lib(Fl_Group.obj)' or at 'C:\Users\Kathy Wang\Documents\Visual Studio 2013\Projects\InteractiveGraphics\Debug\vc100.pdb'; linking object as if no debug info
fltk.lib(fl_gtk.obj) : warning LNK4099: PDB 'vc100.pdb' was not found with 'fltk.lib(fl_gtk.obj)' or at 'C:\Users\Kathy Wang\Documents\Visual Studio 2013\Projects\InteractiveGraphics\Debug\vc100.pdb'; linking object as if no debug info
fltk.lib(Fl_Image.obj) : warning LNK4099: PDB 'vc100.pdb' was not found with 'fltk.lib(Fl_Image.obj)' or at 'C:\Users\Kathy Wang\Documents\Visual Studio 2013\Projects\InteractiveGraphics\Debug\vc100.pdb'; linking object as if no debug info
fltk.lib(Fl_Input.obj) : warning LNK4099: PDB 'vc100.pdb' was not found with 'fltk.lib(Fl_Input.obj)' or at 'C:\Users\Kathy Wang\Documents\Visual Studio 2013\Projects\InteractiveGraphics\Debug\vc100.pdb'; linking object as if no debug info
fltk.lib(Fl_Input_.obj) : warning LNK4099: PDB 'vc100.pdb' was not found with 'fltk.lib(Fl_Input_.obj)' or at 'C:\Users\Kathy Wang\Documents\Visual Studio 2013\Projects\InteractiveGraphics\Debug\vc100.pdb'; linking object as if no debug info
fltk.lib(fl_labeltype.obj) : warning LNK4099: PDB 'vc100.pdb' was not found with 'fltk.lib(fl_labeltype.obj)' or at 'C:\Users\Kathy Wang\Documents\Visual Studio 2013\Projects\InteractiveGraphics\Debug\vc100.pdb'; linking object as if no debug info
fltk.lib(fl_line_style.obj) : warning LNK4099: PDB 'vc100.pdb' was not found with 'fltk.lib(fl_line_style.obj)' or at 'C:\Users\Kathy Wang\Documents\Visual Studio 2013\Projects\InteractiveGraphics\Debug\vc100.pdb'; linking object as if no debug info
fltk.lib(Fl_lock.obj) : warning LNK4099: PDB 'vc100.pdb' was not found with 'fltk.lib(Fl_lock.obj)' or at 'C:\Users\Kathy Wang\Documents\Visual Studio 2013\Projects\InteractiveGraphics\Debug\vc100.pdb'; linking object as if no debug info
fltk.lib(Fl_Menu_Window.obj) : warning LNK4099: PDB 'vc100.pdb' was not found with 'fltk.lib(Fl_Menu_Window.obj)' or at 'C:\Users\Kathy Wang\Documents\Visual Studio 2013\Projects\InteractiveGraphics\Debug\vc100.pdb'; linking object as if no debug info
fltk.lib(Fl_Native_File_Chooser.obj) : warning LNK4099: PDB 'vc100.pdb' was not found with 'fltk.lib(Fl_Native_File_Chooser.obj)' or at 'C:\Users\Kathy Wang\Documents\Visual Studio 2013\Projects\InteractiveGraphics\Debug\vc100.pdb'; linking object as if no debug info
fltk.lib(Fl_Paged_Device.obj) : warning LNK4099: PDB 'vc100.pdb' was not found with 'fltk.lib(Fl_Paged_Device.obj)' or at 'C:\Users\Kathy Wang\Documents\Visual Studio 2013\Projects\InteractiveGraphics\Debug\vc100.pdb'; linking object as if no debug info
fltk.lib(Fl_Pixmap.obj) : warning LNK4099: PDB 'vc100.pdb' was not found with 'fltk.lib(Fl_Pixmap.obj)' or at 'C:\Users\Kathy Wang\Documents\Visual Studio 2013\Projects\InteractiveGraphics\Debug\vc100.pdb'; linking object as if no debug info
fltk.lib(fl_plastic.obj) : warning LNK4099: PDB 'vc100.pdb' was not found with 'fltk.lib(fl_plastic.obj)' or at 'C:\Users\Kathy Wang\Documents\Visual Studio 2013\Projects\InteractiveGraphics\Debug\vc100.pdb'; linking object as if no debug info
fltk.lib(Fl_Preferences.obj) : warning LNK4099: PDB 'vc100.pdb' was not found with 'fltk.lib(Fl_Preferences.obj)' or at 'C:\Users\Kathy Wang\Documents\Visual Studio 2013\Projects\InteractiveGraphics\Debug\vc100.pdb'; linking object as if no debug info
fltk.lib(Fl_Printer.obj) : warning LNK4099: PDB 'vc100.pdb' was not found with 'fltk.lib(Fl_Printer.obj)' or at 'C:\Users\Kathy Wang\Documents\Visual Studio 2013\Projects\InteractiveGraphics\Debug\vc100.pdb'; linking object as if no debug info
fltk.lib(fl_read_image.obj) : warning LNK4099: PDB 'vc100.pdb' was not found with 'fltk.lib(fl_read_image.obj)' or at 'C:\Users\Kathy Wang\Documents\Visual Studio 2013\Projects\InteractiveGraphics\Debug\vc100.pdb'; linking object as if no debug info
fltk.lib(fl_rect.obj) : warning LNK4099: PDB 'vc100.pdb' was not found with 'fltk.lib(fl_rect.obj)' or at 'C:\Users\Kathy Wang\Documents\Visual Studio 2013\Projects\InteractiveGraphics\Debug\vc100.pdb'; linking object as if no debug info
fltk.lib(Fl_Return_Button.obj) : warning LNK4099: PDB 'vc100.pdb' was not found with 'fltk.lib(Fl_Return_Button.obj)' or at 'C:\Users\Kathy Wang\Documents\Visual Studio 2013\Projects\InteractiveGraphics\Debug\vc100.pdb'; linking object as if no debug info
fltk.lib(fl_round_box.obj) : warning LNK4099: PDB 'vc100.pdb' was not found with 'fltk.lib(fl_round_box.obj)' or at 'C:\Users\Kathy Wang\Documents\Visual Studio 2013\Projects\InteractiveGraphics\Debug\vc100.pdb'; linking object as if no debug info
fltk.lib(fl_shortcut.obj) : warning LNK4099: PDB 'vc100.pdb' was not found with 'fltk.lib(fl_shortcut.obj)' or at 'C:\Users\Kathy Wang\Documents\Visual Studio 2013\Projects\InteractiveGraphics\Debug\vc100.pdb'; linking object as if no debug info
fltk.lib(Fl_Single_Window.obj) : warning LNK4099: PDB 'vc100.pdb' was not found with 'fltk.lib(Fl_Single_Window.obj)' or at 'C:\Users\Kathy Wang\Documents\Visual Studio 2013\Projects\InteractiveGraphics\Debug\vc100.pdb'; linking object as if no debug info
fltk.lib(fl_symbols.obj) : warning LNK4099: PDB 'vc100.pdb' was not found with 'fltk.lib(fl_symbols.obj)' or at 'C:\Users\Kathy Wang\Documents\Visual Studio 2013\Projects\InteractiveGraphics\Debug\vc100.pdb'; linking object as if no debug info
fltk.lib(Fl_Tiled_Image.obj) : warning LNK4099: PDB 'vc100.pdb' was not found with 'fltk.lib(Fl_Tiled_Image.obj)' or at 'C:\Users\Kathy Wang\Documents\Visual Studio 2013\Projects\InteractiveGraphics\Debug\vc100.pdb'; linking object as if no debug info
fltk.lib(Fl_Tooltip.obj) : warning LNK4099: PDB 'vc100.pdb' was not found with 'fltk.lib(Fl_Tooltip.obj)' or at 'C:\Users\Kathy Wang\Documents\Visual Studio 2013\Projects\InteractiveGraphics\Debug\vc100.pdb'; linking object as if no debug info
fltk.lib(fl_utf.obj) : warning LNK4099: PDB 'vc100.pdb' was not found with 'fltk.lib(fl_utf.obj)' or at 'C:\Users\Kathy Wang\Documents\Visual Studio 2013\Projects\InteractiveGraphics\Debug\vc100.pdb'; linking object as if no debug info
fltk.lib(fl_utf8.obj) : warning LNK4099: PDB 'vc100.pdb' was not found with 'fltk.lib(fl_utf8.obj)' or at 'C:\Users\Kathy Wang\Documents\Visual Studio 2013\Projects\InteractiveGraphics\Debug\vc100.pdb'; linking object as if no debug info
fltk.lib(fl_vertex.obj) : warning LNK4099: PDB 'vc100.pdb' was not found with 'fltk.lib(fl_vertex.obj)' or at 'C:\Users\Kathy Wang\Documents\Visual Studio 2013\Projects\InteractiveGraphics\Debug\vc100.pdb'; linking object as if no debug info
fltk.lib(Fl_Widget.obj) : warning LNK4099: PDB 'vc100.pdb' was not found with 'fltk.lib(Fl_Widget.obj)' or at 'C:\Users\Kathy Wang\Documents\Visual Studio 2013\Projects\InteractiveGraphics\Debug\vc100.pdb'; linking object as if no debug info
fltk.lib(Fl_Window.obj) : warning LNK4099: PDB 'vc100.pdb' was not found with 'fltk.lib(Fl_Window.obj)' or at 'C:\Users\Kathy Wang\Documents\Visual Studio 2013\Projects\InteractiveGraphics\Debug\vc100.pdb'; linking object as if no debug info
fltk.lib(Fl_Window_hotspot.obj) : warning LNK4099: PDB 'vc100.pdb' was not found with 'fltk.lib(Fl_Window_hotspot.obj)' or at 'C:\Users\Kathy Wang\Documents\Visual Studio 2013\Projects\InteractiveGraphics\Debug\vc100.pdb'; linking object as if no debug info
fltk.lib(flstring.obj) : warning LNK4099: PDB 'vc100.pdb' was not found with 'fltk.lib(flstring.obj)' or at 'C:\Users\Kathy Wang\Documents\Visual Studio 2013\Projects\InteractiveGraphics\Debug\vc100.pdb'; linking object as if no debug info
fltk.lib(is_spacing.obj) : warning LNK4099: PDB 'vc100.pdb' was not found with 'fltk.lib(is_spacing.obj)' or at 'C:\Users\Kathy Wang\Documents\Visual Studio 2013\Projects\InteractiveGraphics\Debug\vc100.pdb'; linking object as if no debug info
fltk.lib(numericsort.obj) : warning LNK4099: PDB 'vc100.pdb' was not found with 'fltk.lib(numericsort.obj)' or at 'C:\Users\Kathy Wang\Documents\Visual Studio 2013\Projects\InteractiveGraphics\Debug\vc100.pdb'; linking object as if no debug info
fltk.lib(ps_image.obj) : warning LNK4099: PDB 'vc100.pdb' was not found with 'fltk.lib(ps_image.obj)' or at 'C:\Users\Kathy Wang\Documents\Visual Studio 2013\Projects\InteractiveGraphics\Debug\vc100.pdb'; linking object as if no debug info
fltk.lib(scandir.obj) : warning LNK4099: PDB 'vc100.pdb' was not found with 'fltk.lib(scandir.obj)' or at 'C:\Users\Kathy Wang\Documents\Visual Studio 2013\Projects\InteractiveGraphics\Debug\vc100.pdb'; linking object as if no debug info
fltk.lib(screen_xywh.obj) : warning LNK4099: PDB 'vc100.pdb' was not found with 'fltk.lib(screen_xywh.obj)' or at 'C:\Users\Kathy Wang\Documents\Visual Studio 2013\Projects\InteractiveGraphics\Debug\vc100.pdb'; linking object as if no debug info
fltk.lib(vsnprintf.obj) : warning LNK4099: PDB 'vc100.pdb' was not found with 'fltk.lib(vsnprintf.obj)' or at 'C:\Users\Kathy Wang\Documents\Visual Studio 2013\Projects\InteractiveGraphics\Debug\vc100.pdb'; linking object as if no debug info
fltkgl.lib(Fl_Gl_Choice.obj) : warning LNK4099: PDB 'vc100.pdb' was not found with 'fltkgl.lib(Fl_Gl_Choice.obj)' or at 'C:\Users\Kathy Wang\Documents\Visual Studio 2013\Projects\InteractiveGraphics\Debug\vc100.pdb'; linking object as if no debug info
fltkgl.lib(Fl_Gl_Device_Plugin.obj) : warning LNK4099: PDB 'vc100.pdb' was not found with 'fltkgl.lib(Fl_Gl_Device_Plugin.obj)' or at 'C:\Users\Kathy Wang\Documents\Visual Studio 2013\Projects\InteractiveGraphics\Debug\vc100.pdb'; linking object as if no debug info
fltkgl.lib(Fl_Gl_Window.obj) : warning LNK4099: PDB 'vc100.pdb' was not found with 'fltkgl.lib(Fl_Gl_Window.obj)' or at 'C:\Users\Kathy Wang\Documents\Visual Studio 2013\Projects\InteractiveGraphics\Debug\vc100.pdb'; linking object as if no debug info
fltkgl.lib(gl_draw.obj) : warning LNK4099: PDB 'vc100.pdb' was not found with 'fltkgl.lib(gl_draw.obj)' or at 'C:\Users\Kathy Wang\Documents\Visual Studio 2013\Projects\InteractiveGraphics\Debug\vc100.pdb'; linking object as if no debug info
zlib.lib(adler32.obj) : warning LNK4099: PDB 'zlib.pdb' was not found with 'zlib.lib(adler32.obj)' or at 'C:\Users\Kathy Wang\Documents\Visual Studio 2013\Projects\InteractiveGraphics\Debug\zlib.pdb'; linking object as if no debug info
zlib.lib(crc32.obj) : warning LNK4099: PDB 'zlib.pdb' was not found with 'zlib.lib(crc32.obj)' or at 'C:\Users\Kathy Wang\Documents\Visual Studio 2013\Projects\InteractiveGraphics\Debug\zlib.pdb'; linking object as if no debug info
zlib.lib(deflate.obj) : warning LNK4099: PDB 'zlib.pdb' was not found with 'zlib.lib(deflate.obj)' or at 'C:\Users\Kathy Wang\Documents\Visual Studio 2013\Projects\InteractiveGraphics\Debug\zlib.pdb'; linking object as if no debug info
zlib.lib(inflate.obj) : warning LNK4099: PDB 'zlib.pdb' was not found with 'zlib.lib(inflate.obj)' or at 'C:\Users\Kathy Wang\Documents\Visual Studio 2013\Projects\InteractiveGraphics\Debug\zlib.pdb'; linking object as if no debug info
zlib.lib(inftrees.obj) : warning LNK4099: PDB 'zlib.pdb' was not found with 'zlib.lib(inftrees.obj)' or at 'C:\Users\Kathy Wang\Documents\Visual Studio 2013\Projects\InteractiveGraphics\Debug\zlib.pdb'; linking object as if no debug info
zlib.lib(inffast.obj) : warning LNK4099: PDB 'zlib.pdb' was not found with 'zlib.lib(inffast.obj)' or at 'C:\Users\Kathy Wang\Documents\Visual Studio 2013\Projects\InteractiveGraphics\Debug\zlib.pdb'; linking object as if no debug info
zlib.lib(trees.obj) : warning LNK4099: PDB 'zlib.pdb' was not found with 'zlib.lib(trees.obj)' or at 'C:\Users\Kathy Wang\Documents\Visual Studio 2013\Projects\InteractiveGraphics\Debug\zlib.pdb'; linking object as if no debug info
zlib.lib(zutil.obj) : warning LNK4099: PDB 'zlib.pdb' was not found with 'zlib.lib(zutil.obj)' or at 'C:\Users\Kathy Wang\Documents\Visual Studio 2013\Projects\InteractiveGraphics\Debug\zlib.pdb'; linking object as if no debug info
  interactiveGraphics.vcxproj -> C:\Users\Kathy Wang\Documents\Visual Studio 2013\Projects\InteractiveGraphics\Debug\interactiveGraphics.exe
Done Building Project "C:\Users\Kathy Wang\Documents\Visual Studio 2013\Projects\InteractiveGraphics\interactiveGraphics.vcxproj" (Build target(s)).

Build succeeded.

Time Elapsed 00:00:05.03
